<?xml version="1.0" encoding="UTF-8"?>
<testsuite xmlns:xsi="http://www.w3.org/2001/XMLSchema-instance" xsi:noNamespaceSchemaLocation="https://maven.apache.org/surefire/maven-surefire-plugin/xsd/surefire-test-report.xsd" version="3.0.2" name="com.Spring_Boot_Start.Spring_Boot_Start.SpringBootStartApplicationTests" time="4.503" tests="1" errors="0" skipped="0" failures="0">
  <properties>
[...]
</properties>
  <testcase name="contextLoads" classname="com.Spring_Boot_Start.Spring_Boot_Start.SpringBootStartApplicationTests" time="1.032">
    <system-out><![CDATA[17:03:36.795 [main] INFO org.springframework.test.context.support.AnnotationConfigContextLoaderUtils -- Could not detect default configuration classes for test class [com.Spring_Boot_Start.Spring_Boot_Start.SpringBootStartApplicationTests]: SpringBootStartApplicationTests does not declare any static, non-private, non-final, nested classes annotated with @Configuration.
17:03:37.024 [main] INFO org.springframework.boot.test.context.SpringBootTestContextBootstrapper -- Found @SpringBootConfiguration com.Spring_Boot_Start.Spring_Boot_Start.SpringBootStartApplication for test class com.Spring_Boot_Start.Spring_Boot_Start.SpringBootStartApplicationTests
17:03:37.313 [main] INFO org.springframework.boot.devtools.restart.RestartApplicationListener -- Restart disabled due to context in which it is running
2025-07-30T17:03:37.758+05:30 TRACE 16196 --- [Spring_Boot_Start] [           main] o.s.c.io.support.SpringFactoriesLoader   : Loaded [org.springframework.boot.ApplicationContextFactory] names: [org.springframework.boot.web.reactive.context.ReactiveWebServerApplicationContextFactory, org.springframework.boot.web.servlet.context.ServletWebServerApplicationContextFactory]

  .   ____          _            __ _ _
 /\\ / ___'_ __ _ _(_)_ __  __ _ \ \ \ \
( ( )\___ | '_ | '_| | '_ \/ _` | \ \ \ \
 \\/  ___)| |_)| | | | | || (_| |  ) ) ) )
  '  |____| .__|_| |_|_| |_\__, | / / / /
 =========|_|==============|___/=/_/_/_/

 :: Spring Boot ::                (v3.5.4)

2025-07-30T17:03:37.835+05:30 TRACE 16196 --- [Spring_Boot_Start] [           main] o.s.b.f.s.DefaultListableBeanFactory     : Registering scope 'restart' with implementation [org.springframework.boot.devtools.restart.RestartScopeInitializer$RestartScope@3d9fc57a]
2025-07-30T17:03:37.837+05:30 TRACE 16196 --- [Spring_Boot_Start] [           main] o.s.c.io.support.SpringFactoriesLoader   : Loaded [org.springframework.core.io.ProtocolResolver] names: [org.springframework.boot.io.Base64ProtocolResolver]
2025-07-30T17:03:37.841+05:30 TRACE 16196 --- [Spring_Boot_Start] [           main] o.s.b.f.s.DefaultListableBeanFactory     : Returning cached instance of singleton bean 'autoConfigurationReport'
2025-07-30T17:03:37.853+05:30  INFO 16196 --- [Spring_Boot_Start] [           main] c.S.S.SpringBootStartApplicationTests    : Starting SpringBootStartApplicationTests using Java 24.0.2 with PID 16196 (started by Rutik Darekar in E:\Udemy Spring\Spring_Boot_Start)
2025-07-30T17:03:37.854+05:30  INFO 16196 --- [Spring_Boot_Start] [           main] c.S.S.SpringBootStartApplicationTests    : The following 1 profile is active: "dev"
2025-07-30T17:03:37.856+05:30 DEBUG 16196 --- [Spring_Boot_Start] [           main] o.s.boot.SpringApplication               : Loading source class com.Spring_Boot_Start.Spring_Boot_Start.SpringBootStartApplication
2025-07-30T17:03:37.887+05:30 TRACE 16196 --- [Spring_Boot_Start] [           main] o.s.c.a.ClassPathBeanDefinitionScanner   : JSR-250 'jakarta.annotation.ManagedBean' found and supported for component scanning
2025-07-30T17:03:37.914+05:30 DEBUG 16196 --- [Spring_Boot_Start] [           main] o.s.w.c.s.GenericWebApplicationContext   : Refreshing org.springframework.web.context.support.GenericWebApplicationContext@7577b641
2025-07-30T17:03:37.929+05:30 TRACE 16196 --- [Spring_Boot_Start] [           main] o.s.b.f.s.DefaultListableBeanFactory     : Registering scope 'request' with implementation [org.springframework.web.context.request.RequestScope@538cd0f2]
2025-07-30T17:03:37.930+05:30 TRACE 16196 --- [Spring_Boot_Start] [           main] o.s.b.f.s.DefaultListableBeanFactory     : Registering scope 'session' with implementation [org.springframework.web.context.request.SessionScope@22df874e]
2025-07-30T17:03:37.931+05:30 TRACE 16196 --- [Spring_Boot_Start] [           main] o.s.b.f.s.DefaultListableBeanFactory     : Registering scope 'application' with implementation [org.springframework.web.context.support.ServletContextScope@19f21b6b]
2025-07-30T17:03:37.952+05:30 DEBUG 16196 --- [Spring_Boot_Start] [           main] o.s.b.f.s.DefaultListableBeanFactory     : Creating shared instance of singleton bean 'org.springframework.context.annotation.internalConfigurationAnnotationProcessor'
2025-07-30T17:03:37.953+05:30 TRACE 16196 --- [Spring_Boot_Start] [           main] o.s.b.f.s.DefaultListableBeanFactory     : Creating instance of bean 'org.springframework.context.annotation.internalConfigurationAnnotationProcessor'
2025-07-30T17:03:37.985+05:30 DEBUG 16196 --- [Spring_Boot_Start] [           main] o.s.b.f.s.DefaultListableBeanFactory     : Creating shared instance of singleton bean 'org.springframework.boot.autoconfigure.internalCachingMetadataReaderFactory'
2025-07-30T17:03:37.986+05:30 TRACE 16196 --- [Spring_Boot_Start] [           main] o.s.b.f.s.DefaultListableBeanFactory     : Creating instance of bean 'org.springframework.boot.autoconfigure.internalCachingMetadataReaderFactory'
2025-07-30T17:03:37.989+05:30 TRACE 16196 --- [Spring_Boot_Start] [           main] o.s.b.f.s.DefaultListableBeanFactory     : Finished creating instance of bean 'org.springframework.boot.autoconfigure.internalCachingMetadataReaderFactory'
2025-07-30T17:03:37.998+05:30 TRACE 16196 --- [Spring_Boot_Start] [           main] o.s.c.io.support.SpringFactoriesLoader   : Loaded [org.springframework.beans.BeanInfoFactory] names: []
2025-07-30T17:03:38.000+05:30 TRACE 16196 --- [Spring_Boot_Start] [           main] o.s.beans.CachedIntrospectionResults     : Getting BeanInfo for class [org.springframework.context.annotation.ConfigurationClassPostProcessor]
2025-07-30T17:03:38.006+05:30 TRACE 16196 --- [Spring_Boot_Start] [           main] o.s.beans.CachedIntrospectionResults     : Caching PropertyDescriptors for class [org.springframework.context.annotation.ConfigurationClassPostProcessor]
2025-07-30T17:03:38.008+05:30 TRACE 16196 --- [Spring_Boot_Start] [           main] o.s.beans.CachedIntrospectionResults     : Found bean property 'applicationStartup' of type [org.springframework.core.metrics.ApplicationStartup]
2025-07-30T17:03:38.009+05:30 TRACE 16196 --- [Spring_Boot_Start] [           main] o.s.beans.CachedIntrospectionResults     : Found bean property 'beanClassLoader' of type [java.lang.ClassLoader]
2025-07-30T17:03:38.009+05:30 TRACE 16196 --- [Spring_Boot_Start] [           main] o.s.beans.CachedIntrospectionResults     : Found bean property 'beanExcludedFromAotProcessing' of type [boolean]
2025-07-30T17:03:38.010+05:30 TRACE 16196 --- [Spring_Boot_Start] [           main] o.s.beans.CachedIntrospectionResults     : Found bean property 'beanNameGenerator' of type [org.springframework.beans.factory.support.BeanNameGenerator]
2025-07-30T17:03:38.011+05:30 TRACE 16196 --- [Spring_Boot_Start] [           main] o.s.beans.CachedIntrospectionResults     : Found bean property 'class' of type [java.lang.Class]
2025-07-30T17:03:38.012+05:30 TRACE 16196 --- [Spring_Boot_Start] [           main] o.s.beans.CachedIntrospectionResults     : Found bean property 'environment' of type [org.springframework.core.env.Environment]
2025-07-30T17:03:38.012+05:30 TRACE 16196 --- [Spring_Boot_Start] [           main] o.s.beans.CachedIntrospectionResults     : Found bean property 'metadataReaderFactory' of type [org.springframework.core.type.classreading.MetadataReaderFactory]
2025-07-30T17:03:38.012+05:30 TRACE 16196 --- [Spring_Boot_Start] [           main] o.s.beans.CachedIntrospectionResults     : Found bean property 'order' of type [int]
2025-07-30T17:03:38.012+05:30 TRACE 16196 --- [Spring_Boot_Start] [           main] o.s.beans.CachedIntrospectionResults     : Found bean property 'problemReporter' of type [org.springframework.beans.factory.parsing.ProblemReporter]
2025-07-30T17:03:38.013+05:30 TRACE 16196 --- [Spring_Boot_Start] [           main] o.s.beans.CachedIntrospectionResults     : Found bean property 'resourceLoader' of type [org.springframework.core.io.ResourceLoader]
2025-07-30T17:03:38.013+05:30 TRACE 16196 --- [Spring_Boot_Start] [           main] o.s.beans.CachedIntrospectionResults     : Found bean property 'sourceExtractor' of type [org.springframework.beans.factory.parsing.SourceExtractor]
2025-07-30T17:03:38.021+05:30 TRACE 16196 --- [Spring_Boot_Start] [           main] o.s.b.f.s.DefaultListableBeanFactory     : Finished creating instance of bean 'org.springframework.context.annotation.internalConfigurationAnnotationProcessor'
2025-07-30T17:03:38.044+05:30 TRACE 16196 --- [Spring_Boot_Start] [           main] o.s.c.a.ClassPathBeanDefinitionScanner   : JSR-250 'jakarta.annotation.ManagedBean' found and supported for component scanning
2025-07-30T17:03:38.048+05:30 TRACE 16196 --- [Spring_Boot_Start] [           main] .i.s.PathMatchingResourcePatternResolver : Resolved module-path location pattern [com/Spring_Boot_Start/Spring_Boot_Start/**/*.class] to resources []
2025-07-30T17:03:38.049+05:30 TRACE 16196 --- [Spring_Boot_Start] [           main] .i.s.PathMatchingResourcePatternResolver : Resolved module-path location pattern [com/Spring_Boot_Start/Spring_Boot_Start/] to resources []
2025-07-30T17:03:38.050+05:30 TRACE 16196 --- [Spring_Boot_Start] [           main] .i.s.PathMatchingResourcePatternResolver : Resolved class path location [com/Spring_Boot_Start/Spring_Boot_Start/] to resources [file [E:\Udemy Spring\Spring_Boot_Start\target\test-classes\com\Spring_Boot_Start\Spring_Boot_Start], file [E:\Udemy Spring\Spring_Boot_Start\target\classes\com\Spring_Boot_Start\Spring_Boot_Start]]
2025-07-30T17:03:38.051+05:30 TRACE 16196 --- [Spring_Boot_Start] [           main] .i.s.PathMatchingResourcePatternResolver : Searching directory [E:\Udemy Spring\Spring_Boot_Start\target\test-classes\com\Spring_Boot_Start\Spring_Boot_Start] for files matching pattern [**/*.class]
2025-07-30T17:03:38.054+05:30 TRACE 16196 --- [Spring_Boot_Start] [           main] .i.s.PathMatchingResourcePatternResolver : Searching directory [E:\Udemy Spring\Spring_Boot_Start\target\classes\com\Spring_Boot_Start\Spring_Boot_Start] for files matching pattern [**/*.class]
2025-07-30T17:03:38.055+05:30 TRACE 16196 --- [Spring_Boot_Start] [           main] .i.s.PathMatchingResourcePatternResolver : Resolved location pattern [classpath*:com/Spring_Boot_Start/Spring_Boot_Start/**/*.class] to resources [file [E:\Udemy Spring\Spring_Boot_Start\target\test-classes\com\Spring_Boot_Start\Spring_Boot_Start\SpringBootStartApplicationTests.class], file [E:\Udemy Spring\Spring_Boot_Start\target\classes\com\Spring_Boot_Start\Spring_Boot_Start\Course.class], file [E:\Udemy Spring\Spring_Boot_Start\target\classes\com\Spring_Boot_Start\Spring_Boot_Start\CourseController.class], file [E:\Udemy Spring\Spring_Boot_Start\target\classes\com\Spring_Boot_Start\Spring_Boot_Start\CurrencyConfigController.class], file [E:\Udemy Spring\Spring_Boot_Start\target\classes\com\Spring_Boot_Start\Spring_Boot_Start\CurrencyServiceConfig.class], file [E:\Udemy Spring\Spring_Boot_Start\target\classes\com\Spring_Boot_Start\Spring_Boot_Start\SpringBootStartApplication.class]]
2025-07-30T17:03:38.056+05:30 TRACE 16196 --- [Spring_Boot_Start] [           main] o.s.c.a.ClassPathBeanDefinitionScanner   : Scanning file [E:\Udemy Spring\Spring_Boot_Start\target\test-classes\com\Spring_Boot_Start\Spring_Boot_Start\SpringBootStartApplicationTests.class]
2025-07-30T17:03:38.058+05:30 TRACE 16196 --- [Spring_Boot_Start] [           main] o.s.b.f.s.DefaultListableBeanFactory     : Returning cached instance of singleton bean 'org.springframework.boot.test.context.filter.TestTypeExcludeFilter'
2025-07-30T17:03:38.058+05:30 TRACE 16196 --- [Spring_Boot_Start] [           main] o.s.c.a.ClassPathBeanDefinitionScanner   : Ignored because not matching any filter: file [E:\Udemy Spring\Spring_Boot_Start\target\test-classes\com\Spring_Boot_Start\Spring_Boot_Start\SpringBootStartApplicationTests.class]
2025-07-30T17:03:38.059+05:30 TRACE 16196 --- [Spring_Boot_Start] [           main] o.s.c.a.ClassPathBeanDefinitionScanner   : Scanning file [E:\Udemy Spring\Spring_Boot_Start\target\classes\com\Spring_Boot_Start\Spring_Boot_Start\Course.class]
2025-07-30T17:03:38.060+05:30 TRACE 16196 --- [Spring_Boot_Start] [           main] o.s.c.a.ClassPathBeanDefinitionScanner   : Ignored because not matching any filter: file [E:\Udemy Spring\Spring_Boot_Start\target\classes\com\Spring_Boot_Start\Spring_Boot_Start\Course.class]
2025-07-30T17:03:38.060+05:30 TRACE 16196 --- [Spring_Boot_Start] [           main] o.s.c.a.ClassPathBeanDefinitionScanner   : Scanning file [E:\Udemy Spring\Spring_Boot_Start\target\classes\com\Spring_Boot_Start\Spring_Boot_Start\CourseController.class]
2025-07-30T17:03:38.062+05:30 DEBUG 16196 --- [Spring_Boot_Start] [           main] o.s.c.a.ClassPathBeanDefinitionScanner   : Identified candidate component class: file [E:\Udemy Spring\Spring_Boot_Start\target\classes\com\Spring_Boot_Start\Spring_Boot_Start\CourseController.class]
2025-07-30T17:03:38.062+05:30 TRACE 16196 --- [Spring_Boot_Start] [           main] o.s.c.a.ClassPathBeanDefinitionScanner   : Scanning file [E:\Udemy Spring\Spring_Boot_Start\target\classes\com\Spring_Boot_Start\Spring_Boot_Start\CurrencyConfigController.class]
2025-07-30T17:03:38.064+05:30 DEBUG 16196 --- [Spring_Boot_Start] [           main] o.s.c.a.ClassPathBeanDefinitionScanner   : Identified candidate component class: file [E:\Udemy Spring\Spring_Boot_Start\target\classes\com\Spring_Boot_Start\Spring_Boot_Start\CurrencyConfigController.class]
2025-07-30T17:03:38.064+05:30 TRACE 16196 --- [Spring_Boot_Start] [           main] o.s.c.a.ClassPathBeanDefinitionScanner   : Scanning file [E:\Udemy Spring\Spring_Boot_Start\target\classes\com\Spring_Boot_Start\Spring_Boot_Start\CurrencyServiceConfig.class]
2025-07-30T17:03:38.066+05:30 DEBUG 16196 --- [Spring_Boot_Start] [           main] o.s.c.a.ClassPathBeanDefinitionScanner   : Identified candidate component class: file [E:\Udemy Spring\Spring_Boot_Start\target\classes\com\Spring_Boot_Start\Spring_Boot_Start\CurrencyServiceConfig.class]
2025-07-30T17:03:38.066+05:30 TRACE 16196 --- [Spring_Boot_Start] [           main] o.s.c.a.ClassPathBeanDefinitionScanner   : Scanning file [E:\Udemy Spring\Spring_Boot_Start\target\classes\com\Spring_Boot_Start\Spring_Boot_Start\SpringBootStartApplication.class]
2025-07-30T17:03:38.067+05:30 TRACE 16196 --- [Spring_Boot_Start] [           main] o.s.c.a.ClassPathBeanDefinitionScanner   : Ignored because not matching any filter: file [E:\Udemy Spring\Spring_Boot_Start\target\classes\com\Spring_Boot_Start\Spring_Boot_Start\SpringBootStartApplication.class]
2025-07-30T17:03:38.107+05:30 TRACE 16196 --- [Spring_Boot_Start] [           main] o.s.c.io.support.SpringFactoriesLoader   : Loaded [org.springframework.boot.autoconfigure.AutoConfigurationImportFilter] names: [org.springframework.boot.autoconfigure.condition.OnBeanCondition, org.springframework.boot.autoconfigure.condition.OnClassCondition, org.springframework.boot.autoconfigure.condition.OnWebApplicationCondition]
2025-07-30T17:03:38.159+05:30 TRACE 16196 --- [Spring_Boot_Start] [           main] o.s.b.f.s.DefaultListableBeanFactory     : Returning cached instance of singleton bean 'autoConfigurationReport'
2025-07-30T17:03:38.224+05:30 TRACE 16196 --- [Spring_Boot_Start] [           main] o.s.b.f.s.DefaultListableBeanFactory     : Returning cached instance of singleton bean 'autoConfigurationReport'
2025-07-30T17:03:38.226+05:30 TRACE 16196 --- [Spring_Boot_Start] [           main] o.s.b.f.s.DefaultListableBeanFactory     : Returning cached instance of singleton bean 'autoConfigurationReport'
2025-07-30T17:03:38.233+05:30 TRACE 16196 --- [Spring_Boot_Start] [           main] o.s.c.io.support.SpringFactoriesLoader   : Loaded [org.springframework.boot.autoconfigure.AutoConfigurationImportListener] names: [org.springframework.boot.autoconfigure.condition.ConditionEvaluationReportAutoConfigurationImportListener]
2025-07-30T17:03:38.234+05:30 TRACE 16196 --- [Spring_Boot_Start] [           main] o.s.b.f.s.DefaultListableBeanFactory     : Returning cached instance of singleton bean 'autoConfigurationReport'
2025-07-30T17:03:38.244+05:30 TRACE 16196 --- [Spring_Boot_Start] [           main] o.s.b.f.s.DefaultListableBeanFactory     : Returning cached instance of singleton bean 'org.springframework.boot.autoconfigure.internalCachingMetadataReaderFactory'
2025-07-30T17:03:38.256+05:30 TRACE 16196 --- [Spring_Boot_Start] [           main] o.s.b.f.s.DefaultListableBeanFactory     : Returning cached instance of singleton bean 'autoConfigurationReport'
2025-07-30T17:03:38.256+05:30 TRACE 16196 --- [Spring_Boot_Start] [           main] o.s.b.f.s.DefaultListableBeanFactory     : Returning cached instance of singleton bean 'autoConfigurationReport'
2025-07-30T17:03:38.256+05:30 TRACE 16196 --- [Spring_Boot_Start] [           main] o.s.b.f.s.DefaultListableBeanFactory     : Returning cached instance of singleton bean 'autoConfigurationReport'
2025-07-30T17:03:38.257+05:30 TRACE 16196 --- [Spring_Boot_Start] [           main] o.s.b.f.s.DefaultListableBeanFactory     : Returning cached instance of singleton bean 'autoConfigurationReport'
2025-07-30T17:03:38.257+05:30 TRACE 16196 --- [Spring_Boot_Start] [           main] o.s.b.f.s.DefaultListableBeanFactory     : Returning cached instance of singleton bean 'autoConfigurationReport'
2025-07-30T17:03:38.257+05:30 TRACE 16196 --- [Spring_Boot_Start] [           main] o.s.b.f.s.DefaultListableBeanFactory     : Returning cached instance of singleton bean 'autoConfigurationReport'
2025-07-30T17:03:38.279+05:30 TRACE 16196 --- [Spring_Boot_Start] [           main] .i.s.PathMatchingResourcePatternResolver : Resolved module-path location pattern [messages.properties] to resources []
2025-07-30T17:03:38.279+05:30 TRACE 16196 --- [Spring_Boot_Start] [           main] .i.s.PathMatchingResourcePatternResolver : Resolved class path location [messages.properties] to resources []
2025-07-30T17:03:38.280+05:30 TRACE 16196 --- [Spring_Boot_Start] [           main] o.s.b.f.s.DefaultListableBeanFactory     : Returning cached instance of singleton bean 'autoConfigurationReport'
2025-07-30T17:03:38.280+05:30 TRACE 16196 --- [Spring_Boot_Start] [           main] o.s.b.f.s.DefaultListableBeanFactory     : Returning cached instance of singleton bean 'autoConfigurationReport'
2025-07-30T17:03:38.280+05:30 TRACE 16196 --- [Spring_Boot_Start] [           main] o.s.b.f.s.DefaultListableBeanFactory     : Returning cached instance of singleton bean 'autoConfigurationReport'
2025-07-30T17:03:38.281+05:30 TRACE 16196 --- [Spring_Boot_Start] [           main] o.s.b.f.s.DefaultListableBeanFactory     : Returning cached instance of singleton bean 'autoConfigurationReport'
2025-07-30T17:03:38.281+05:30 TRACE 16196 --- [Spring_Boot_Start] [           main] o.s.b.f.s.DefaultListableBeanFactory     : Returning cached instance of singleton bean 'autoConfigurationReport'
2025-07-30T17:03:38.281+05:30 TRACE 16196 --- [Spring_Boot_Start] [           main] o.s.b.f.s.DefaultListableBeanFactory     : Returning cached instance of singleton bean 'autoConfigurationReport'
2025-07-30T17:03:38.281+05:30 TRACE 16196 --- [Spring_Boot_Start] [           main] o.s.b.f.s.DefaultListableBeanFactory     : Returning cached instance of singleton bean 'autoConfigurationReport'
2025-07-30T17:03:38.282+05:30 TRACE 16196 --- [Spring_Boot_Start] [           main] o.s.b.f.s.DefaultListableBeanFactory     : Returning cached instance of singleton bean 'autoConfigurationReport'
2025-07-30T17:03:38.282+05:30 TRACE 16196 --- [Spring_Boot_Start] [           main] o.s.b.f.s.DefaultListableBeanFactory     : Returning cached instance of singleton bean 'autoConfigurationReport'
2025-07-30T17:03:38.283+05:30 TRACE 16196 --- [Spring_Boot_Start] [           main] o.s.b.f.s.DefaultListableBeanFactory     : Returning cached instance of singleton bean 'autoConfigurationReport'
2025-07-30T17:03:38.290+05:30 TRACE 16196 --- [Spring_Boot_Start] [           main] o.s.b.f.s.DefaultListableBeanFactory     : Returning cached instance of singleton bean 'autoConfigurationReport'
2025-07-30T17:03:38.290+05:30 TRACE 16196 --- [Spring_Boot_Start] [           main] o.s.b.f.s.DefaultListableBeanFactory     : Returning cached instance of singleton bean 'autoConfigurationReport'
2025-07-30T17:03:38.291+05:30 TRACE 16196 --- [Spring_Boot_Start] [           main] o.s.b.f.s.DefaultListableBeanFactory     : Returning cached instance of singleton bean 'autoConfigurationReport'
2025-07-30T17:03:38.291+05:30 TRACE 16196 --- [Spring_Boot_Start] [           main] o.s.b.f.s.DefaultListableBeanFactory     : Returning cached instance of singleton bean 'autoConfigurationReport'
2025-07-30T17:03:38.291+05:30 TRACE 16196 --- [Spring_Boot_Start] [           main] o.s.b.f.s.DefaultListableBeanFactory     : Returning cached instance of singleton bean 'autoConfigurationReport'
2025-07-30T17:03:38.291+05:30 TRACE 16196 --- [Spring_Boot_Start] [           main] o.s.b.f.s.DefaultListableBeanFactory     : Returning cached instance of singleton bean 'autoConfigurationReport'
2025-07-30T17:03:38.292+05:30 TRACE 16196 --- [Spring_Boot_Start] [           main] o.s.b.f.s.DefaultListableBeanFactory     : Returning cached instance of singleton bean 'autoConfigurationReport'
2025-07-30T17:03:38.293+05:30 TRACE 16196 --- [Spring_Boot_Start] [           main] o.s.b.f.s.DefaultListableBeanFactory     : Returning cached instance of singleton bean 'autoConfigurationReport'
2025-07-30T17:03:38.293+05:30 TRACE 16196 --- [Spring_Boot_Start] [           main] o.s.b.f.s.DefaultListableBeanFactory     : Returning cached instance of singleton bean 'autoConfigurationReport'
2025-07-30T17:03:38.296+05:30 TRACE 16196 --- [Spring_Boot_Start] [           main] o.s.b.f.s.DefaultListableBeanFactory     : Returning cached instance of singleton bean 'autoConfigurationReport'
2025-07-30T17:03:38.297+05:30 TRACE 16196 --- [Spring_Boot_Start] [           main] o.s.b.f.s.DefaultListableBeanFactory     : Returning cached instance of singleton bean 'autoConfigurationReport'
2025-07-30T17:03:38.297+05:30 TRACE 16196 --- [Spring_Boot_Start] [           main] o.s.b.f.s.DefaultListableBeanFactory     : Returning cached instance of singleton bean 'autoConfigurationReport'
2025-07-30T17:03:38.297+05:30 TRACE 16196 --- [Spring_Boot_Start] [           main] o.s.b.f.s.DefaultListableBeanFactory     : Returning cached instance of singleton bean 'autoConfigurationReport'
2025-07-30T17:03:38.298+05:30 TRACE 16196 --- [Spring_Boot_Start] [           main] o.s.b.f.s.DefaultListableBeanFactory     : Returning cached instance of singleton bean 'autoConfigurationReport'
2025-07-30T17:03:38.298+05:30 TRACE 16196 --- [Spring_Boot_Start] [           main] o.s.b.f.s.DefaultListableBeanFactory     : Returning cached instance of singleton bean 'autoConfigurationReport'
2025-07-30T17:03:38.301+05:30 TRACE 16196 --- [Spring_Boot_Start] [           main] o.s.b.f.s.DefaultListableBeanFactory     : Returning cached instance of singleton bean 'autoConfigurationReport'
2025-07-30T17:03:38.302+05:30 TRACE 16196 --- [Spring_Boot_Start] [           main] o.s.b.f.s.DefaultListableBeanFactory     : Returning cached instance of singleton bean 'autoConfigurationReport'
2025-07-30T17:03:38.302+05:30 TRACE 16196 --- [Spring_Boot_Start] [           main] o.s.b.f.s.DefaultListableBeanFactory     : Returning cached instance of singleton bean 'autoConfigurationReport'
2025-07-30T17:03:38.303+05:30 TRACE 16196 --- [Spring_Boot_Start] [           main] o.s.b.f.s.DefaultListableBeanFactory     : Returning cached instance of singleton bean 'autoConfigurationReport'
2025-07-30T17:03:38.303+05:30 TRACE 16196 --- [Spring_Boot_Start] [           main] o.s.b.f.s.DefaultListableBeanFactory     : Returning cached instance of singleton bean 'autoConfigurationReport'
2025-07-30T17:03:38.307+05:30 TRACE 16196 --- [Spring_Boot_Start] [           main] o.s.b.f.s.DefaultListableBeanFactory     : Returning cached instance of singleton bean 'autoConfigurationReport'
2025-07-30T17:03:38.308+05:30 TRACE 16196 --- [Spring_Boot_Start] [           main] o.s.b.f.s.DefaultListableBeanFactory     : Returning cached instance of singleton bean 'autoConfigurationReport'
2025-07-30T17:03:38.311+05:30 TRACE 16196 --- [Spring_Boot_Start] [           main] o.s.b.f.s.DefaultListableBeanFactory     : Returning cached instance of singleton bean 'autoConfigurationReport'
2025-07-30T17:03:38.312+05:30 TRACE 16196 --- [Spring_Boot_Start] [           main] o.s.b.f.s.DefaultListableBeanFactory     : Returning cached instance of singleton bean 'autoConfigurationReport'
2025-07-30T17:03:38.312+05:30 TRACE 16196 --- [Spring_Boot_Start] [           main] o.s.b.f.s.DefaultListableBeanFactory     : Returning cached instance of singleton bean 'autoConfigurationReport'
2025-07-30T17:03:38.312+05:30 TRACE 16196 --- [Spring_Boot_Start] [           main] o.s.b.f.s.DefaultListableBeanFactory     : Returning cached instance of singleton bean 'autoConfigurationReport'
2025-07-30T17:03:38.316+05:30 TRACE 16196 --- [Spring_Boot_Start] [           main] o.s.b.f.s.DefaultListableBeanFactory     : Returning cached instance of singleton bean 'autoConfigurationReport'
2025-07-30T17:03:38.317+05:30 TRACE 16196 --- [Spring_Boot_Start] [           main] o.s.b.f.s.DefaultListableBeanFactory     : Returning cached instance of singleton bean 'autoConfigurationReport'
2025-07-30T17:03:38.317+05:30 TRACE 16196 --- [Spring_Boot_Start] [           main] o.s.b.f.s.DefaultListableBeanFactory     : Returning cached instance of singleton bean 'autoConfigurationReport'
2025-07-30T17:03:38.317+05:30 TRACE 16196 --- [Spring_Boot_Start] [           main] o.s.b.f.s.DefaultListableBeanFactory     : Returning cached instance of singleton bean 'autoConfigurationReport'
2025-07-30T17:03:38.317+05:30 TRACE 16196 --- [Spring_Boot_Start] [           main] o.s.b.f.s.DefaultListableBeanFactory     : Returning cached instance of singleton bean 'autoConfigurationReport'
2025-07-30T17:03:38.317+05:30 TRACE 16196 --- [Spring_Boot_Start] [           main] o.s.b.f.s.DefaultListableBeanFactory     : Returning cached instance of singleton bean 'autoConfigurationReport'
2025-07-30T17:03:38.319+05:30 TRACE 16196 --- [Spring_Boot_Start] [           main] o.s.b.f.s.DefaultListableBeanFactory     : Returning cached instance of singleton bean 'autoConfigurationReport'
2025-07-30T17:03:38.320+05:30 TRACE 16196 --- [Spring_Boot_Start] [           main] o.s.b.f.s.DefaultListableBeanFactory     : Returning cached instance of singleton bean 'autoConfigurationReport'
2025-07-30T17:03:38.320+05:30 TRACE 16196 --- [Spring_Boot_Start] [           main] o.s.b.f.s.DefaultListableBeanFactory     : Returning cached instance of singleton bean 'autoConfigurationReport'
2025-07-30T17:03:38.320+05:30 TRACE 16196 --- [Spring_Boot_Start] [           main] o.s.b.f.s.DefaultListableBeanFactory     : Returning cached instance of singleton bean 'autoConfigurationReport'
2025-07-30T17:03:38.320+05:30 TRACE 16196 --- [Spring_Boot_Start] [           main] o.s.b.f.s.DefaultListableBeanFactory     : Returning cached instance of singleton bean 'autoConfigurationReport'
2025-07-30T17:03:38.336+05:30 TRACE 16196 --- [Spring_Boot_Start] [           main] o.s.b.f.s.DefaultListableBeanFactory     : Returning cached instance of singleton bean 'autoConfigurationReport'
2025-07-30T17:03:38.343+05:30 TRACE 16196 --- [Spring_Boot_Start] [           main] o.s.b.f.s.DefaultListableBeanFactory     : Returning cached instance of singleton bean 'autoConfigurationReport'
2025-07-30T17:03:38.343+05:30 TRACE 16196 --- [Spring_Boot_Start] [           main] o.s.b.f.s.DefaultListableBeanFactory     : Returning cached instance of singleton bean 'autoConfigurationReport'
2025-07-30T17:03:38.343+05:30 TRACE 16196 --- [Spring_Boot_Start] [           main] o.s.b.f.s.DefaultListableBeanFactory     : Returning cached instance of singleton bean 'autoConfigurationReport'
2025-07-30T17:03:38.343+05:30 TRACE 16196 --- [Spring_Boot_Start] [           main] o.s.b.f.s.DefaultListableBeanFactory     : Returning cached instance of singleton bean 'autoConfigurationReport'
2025-07-30T17:03:38.345+05:30 TRACE 16196 --- [Spring_Boot_Start] [           main] o.s.b.f.s.DefaultListableBeanFactory     : Returning cached instance of singleton bean 'autoConfigurationReport'
2025-07-30T17:03:38.346+05:30 TRACE 16196 --- [Spring_Boot_Start] [           main] o.s.b.f.s.DefaultListableBeanFactory     : Returning cached instance of singleton bean 'autoConfigurationReport'
2025-07-30T17:03:38.346+05:30 TRACE 16196 --- [Spring_Boot_Start] [           main] o.s.b.f.s.DefaultListableBeanFactory     : Returning cached instance of singleton bean 'autoConfigurationReport'
2025-07-30T17:03:38.346+05:30 TRACE 16196 --- [Spring_Boot_Start] [           main] o.s.b.f.s.DefaultListableBeanFactory     : Returning cached instance of singleton bean 'autoConfigurationReport'
2025-07-30T17:03:38.347+05:30 TRACE 16196 --- [Spring_Boot_Start] [           main] o.s.b.f.s.DefaultListableBeanFactory     : Returning cached instance of singleton bean 'autoConfigurationReport'
2025-07-30T17:03:38.347+05:30 TRACE 16196 --- [Spring_Boot_Start] [           main] o.s.b.f.s.DefaultListableBeanFactory     : Returning cached instance of singleton bean 'autoConfigurationReport'
2025-07-30T17:03:38.347+05:30 TRACE 16196 --- [Spring_Boot_Start] [           main] o.s.b.f.s.DefaultListableBeanFactory     : Returning cached instance of singleton bean 'autoConfigurationReport'
2025-07-30T17:03:38.347+05:30 TRACE 16196 --- [Spring_Boot_Start] [           main] o.s.b.f.s.DefaultListableBeanFactory     : Returning cached instance of singleton bean 'autoConfigurationReport'
2025-07-30T17:03:38.348+05:30 TRACE 16196 --- [Spring_Boot_Start] [           main] o.s.b.f.s.DefaultListableBeanFactory     : Returning cached instance of singleton bean 'autoConfigurationReport'
2025-07-30T17:03:38.349+05:30 TRACE 16196 --- [Spring_Boot_Start] [           main] o.s.b.f.s.DefaultListableBeanFactory     : Returning cached instance of singleton bean 'autoConfigurationReport'
2025-07-30T17:03:38.349+05:30 TRACE 16196 --- [Spring_Boot_Start] [           main] o.s.b.f.s.DefaultListableBeanFactory     : Returning cached instance of singleton bean 'autoConfigurationReport'
2025-07-30T17:03:38.349+05:30 TRACE 16196 --- [Spring_Boot_Start] [           main] o.s.b.f.s.DefaultListableBeanFactory     : Returning cached instance of singleton bean 'autoConfigurationReport'
2025-07-30T17:03:38.349+05:30 TRACE 16196 --- [Spring_Boot_Start] [           main] o.s.b.f.s.DefaultListableBeanFactory     : Returning cached instance of singleton bean 'autoConfigurationReport'
2025-07-30T17:03:38.354+05:30 TRACE 16196 --- [Spring_Boot_Start] [           main] o.s.b.f.s.DefaultListableBeanFactory     : Returning cached instance of singleton bean 'autoConfigurationReport'
2025-07-30T17:03:38.358+05:30 TRACE 16196 --- [Spring_Boot_Start] [           main] o.s.b.f.s.DefaultListableBeanFactory     : Returning cached instance of singleton bean 'autoConfigurationReport'
2025-07-30T17:03:38.359+05:30 TRACE 16196 --- [Spring_Boot_Start] [           main] o.s.b.f.s.DefaultListableBeanFactory     : Returning cached instance of singleton bean 'autoConfigurationReport'
2025-07-30T17:03:38.359+05:30 TRACE 16196 --- [Spring_Boot_Start] [           main] o.s.b.f.s.DefaultListableBeanFactory     : Returning cached instance of singleton bean 'autoConfigurationReport'
2025-07-30T17:03:38.359+05:30 TRACE 16196 --- [Spring_Boot_Start] [           main] o.s.b.f.s.DefaultListableBeanFactory     : Returning cached instance of singleton bean 'autoConfigurationReport'
2025-07-30T17:03:38.361+05:30 TRACE 16196 --- [Spring_Boot_Start] [           main] o.s.b.f.s.DefaultListableBeanFactory     : Returning cached instance of singleton bean 'autoConfigurationReport'
2025-07-30T17:03:38.362+05:30 TRACE 16196 --- [Spring_Boot_Start] [           main] o.s.b.f.s.DefaultListableBeanFactory     : Returning cached instance of singleton bean 'autoConfigurationReport'
2025-07-30T17:03:38.362+05:30 TRACE 16196 --- [Spring_Boot_Start] [           main] o.s.b.f.s.DefaultListableBeanFactory     : Returning cached instance of singleton bean 'autoConfigurationReport'
2025-07-30T17:03:38.362+05:30 TRACE 16196 --- [Spring_Boot_Start] [           main] o.s.b.f.s.DefaultListableBeanFactory     : Returning cached instance of singleton bean 'autoConfigurationReport'
2025-07-30T17:03:38.363+05:30 TRACE 16196 --- [Spring_Boot_Start] [           main] o.s.b.f.s.DefaultListableBeanFactory     : Returning cached instance of singleton bean 'autoConfigurationReport'
2025-07-30T17:03:38.364+05:30 TRACE 16196 --- [Spring_Boot_Start] [           main] o.s.b.f.s.DefaultListableBeanFactory     : Returning cached instance of singleton bean 'autoConfigurationReport'
2025-07-30T17:03:38.364+05:30 TRACE 16196 --- [Spring_Boot_Start] [           main] o.s.b.f.s.DefaultListableBeanFactory     : Returning cached instance of singleton bean 'autoConfigurationReport'
2025-07-30T17:03:38.365+05:30 TRACE 16196 --- [Spring_Boot_Start] [           main] o.s.b.f.s.DefaultListableBeanFactory     : Returning cached instance of singleton bean 'autoConfigurationReport'
2025-07-30T17:03:38.365+05:30 TRACE 16196 --- [Spring_Boot_Start] [           main] o.s.b.f.s.DefaultListableBeanFactory     : Returning cached instance of singleton bean 'autoConfigurationReport'
2025-07-30T17:03:38.365+05:30 TRACE 16196 --- [Spring_Boot_Start] [           main] o.s.b.f.s.DefaultListableBeanFactory     : Returning cached instance of singleton bean 'autoConfigurationReport'
2025-07-30T17:03:38.365+05:30 TRACE 16196 --- [Spring_Boot_Start] [           main] o.s.b.f.s.DefaultListableBeanFactory     : Returning cached instance of singleton bean 'autoConfigurationReport'
2025-07-30T17:03:38.365+05:30 TRACE 16196 --- [Spring_Boot_Start] [           main] o.s.b.f.s.DefaultListableBeanFactory     : Returning cached instance of singleton bean 'autoConfigurationReport'
2025-07-30T17:03:38.366+05:30 TRACE 16196 --- [Spring_Boot_Start] [           main] o.s.b.f.s.DefaultListableBeanFactory     : Returning cached instance of singleton bean 'autoConfigurationReport'
2025-07-30T17:03:38.367+05:30 TRACE 16196 --- [Spring_Boot_Start] [           main] o.s.b.f.s.DefaultListableBeanFactory     : Returning cached instance of singleton bean 'autoConfigurationReport'
2025-07-30T17:03:38.367+05:30 TRACE 16196 --- [Spring_Boot_Start] [           main] o.s.b.f.s.DefaultListableBeanFactory     : Returning cached instance of singleton bean 'autoConfigurationReport'
2025-07-30T17:03:38.368+05:30 TRACE 16196 --- [Spring_Boot_Start] [           main] o.s.b.f.s.DefaultListableBeanFactory     : Returning cached instance of singleton bean 'autoConfigurationReport'
2025-07-30T17:03:38.368+05:30 TRACE 16196 --- [Spring_Boot_Start] [           main] o.s.b.f.s.DefaultListableBeanFactory     : Returning cached instance of singleton bean 'autoConfigurationReport'
2025-07-30T17:03:38.376+05:30 TRACE 16196 --- [Spring_Boot_Start] [           main] o.s.b.f.s.DefaultListableBeanFactory     : Returning cached instance of singleton bean 'autoConfigurationReport'
2025-07-30T17:03:38.377+05:30 TRACE 16196 --- [Spring_Boot_Start] [           main] o.s.b.f.s.DefaultListableBeanFactory     : Returning cached instance of singleton bean 'autoConfigurationReport'
2025-07-30T17:03:38.377+05:30 TRACE 16196 --- [Spring_Boot_Start] [           main] o.s.b.f.s.DefaultListableBeanFactory     : Returning cached instance of singleton bean 'autoConfigurationReport'
2025-07-30T17:03:38.378+05:30 TRACE 16196 --- [Spring_Boot_Start] [           main] o.s.b.f.s.DefaultListableBeanFactory     : Returning cached instance of singleton bean 'autoConfigurationReport'
2025-07-30T17:03:38.378+05:30 TRACE 16196 --- [Spring_Boot_Start] [           main] o.s.b.f.s.DefaultListableBeanFactory     : Returning cached instance of singleton bean 'autoConfigurationReport'
2025-07-30T17:03:38.378+05:30 TRACE 16196 --- [Spring_Boot_Start] [           main] o.s.b.f.s.DefaultListableBeanFactory     : Returning cached instance of singleton bean 'autoConfigurationReport'
2025-07-30T17:03:38.380+05:30 TRACE 16196 --- [Spring_Boot_Start] [           main] o.s.b.f.s.DefaultListableBeanFactory     : Returning cached instance of singleton bean 'autoConfigurationReport'
2025-07-30T17:03:38.381+05:30 TRACE 16196 --- [Spring_Boot_Start] [           main] o.s.b.f.s.DefaultListableBeanFactory     : Returning cached instance of singleton bean 'autoConfigurationReport'
2025-07-30T17:03:38.381+05:30 TRACE 16196 --- [Spring_Boot_Start] [           main] o.s.b.f.s.DefaultListableBeanFactory     : Returning cached instance of singleton bean 'autoConfigurationReport'
2025-07-30T17:03:38.382+05:30 TRACE 16196 --- [Spring_Boot_Start] [           main] o.s.b.f.s.DefaultListableBeanFactory     : Returning cached instance of singleton bean 'autoConfigurationReport'
2025-07-30T17:03:38.383+05:30 TRACE 16196 --- [Spring_Boot_Start] [           main] o.s.b.f.s.DefaultListableBeanFactory     : Returning cached instance of singleton bean 'autoConfigurationReport'
2025-07-30T17:03:38.383+05:30 TRACE 16196 --- [Spring_Boot_Start] [           main] o.s.b.f.s.DefaultListableBeanFactory     : Returning cached instance of singleton bean 'autoConfigurationReport'
2025-07-30T17:03:38.383+05:30 TRACE 16196 --- [Spring_Boot_Start] [           main] o.s.b.f.s.DefaultListableBeanFactory     : Returning cached instance of singleton bean 'autoConfigurationReport'
2025-07-30T17:03:38.383+05:30 TRACE 16196 --- [Spring_Boot_Start] [           main] o.s.b.f.s.DefaultListableBeanFactory     : Returning cached instance of singleton bean 'autoConfigurationReport'
2025-07-30T17:03:38.384+05:30 TRACE 16196 --- [Spring_Boot_Start] [           main] o.s.b.f.s.DefaultListableBeanFactory     : Returning cached instance of singleton bean 'autoConfigurationReport'
2025-07-30T17:03:38.384+05:30 TRACE 16196 --- [Spring_Boot_Start] [           main] o.s.b.f.s.DefaultListableBeanFactory     : Returning cached instance of singleton bean 'autoConfigurationReport'
2025-07-30T17:03:38.384+05:30 TRACE 16196 --- [Spring_Boot_Start] [           main] o.s.b.f.s.DefaultListableBeanFactory     : Returning cached instance of singleton bean 'autoConfigurationReport'
2025-07-30T17:03:38.384+05:30 TRACE 16196 --- [Spring_Boot_Start] [           main] o.s.b.f.s.DefaultListableBeanFactory     : Returning cached instance of singleton bean 'autoConfigurationReport'
2025-07-30T17:03:38.384+05:30 TRACE 16196 --- [Spring_Boot_Start] [           main] o.s.b.f.s.DefaultListableBeanFactory     : Returning cached instance of singleton bean 'autoConfigurationReport'
2025-07-30T17:03:38.384+05:30 TRACE 16196 --- [Spring_Boot_Start] [           main] o.s.b.f.s.DefaultListableBeanFactory     : Returning cached instance of singleton bean 'autoConfigurationReport'
2025-07-30T17:03:38.385+05:30 TRACE 16196 --- [Spring_Boot_Start] [           main] o.s.b.f.s.DefaultListableBeanFactory     : Returning cached instance of singleton bean 'autoConfigurationReport'
2025-07-30T17:03:38.387+05:30 TRACE 16196 --- [Spring_Boot_Start] [           main] o.s.b.f.s.DefaultListableBeanFactory     : Returning cached instance of singleton bean 'autoConfigurationReport'
2025-07-30T17:03:38.387+05:30 TRACE 16196 --- [Spring_Boot_Start] [           main] o.s.b.f.s.DefaultListableBeanFactory     : Returning cached instance of singleton bean 'autoConfigurationReport'
2025-07-30T17:03:38.387+05:30 TRACE 16196 --- [Spring_Boot_Start] [           main] o.s.b.f.s.DefaultListableBeanFactory     : Returning cached instance of singleton bean 'autoConfigurationReport'
2025-07-30T17:03:38.388+05:30 TRACE 16196 --- [Spring_Boot_Start] [           main] o.s.b.f.s.DefaultListableBeanFactory     : Returning cached instance of singleton bean 'autoConfigurationReport'
2025-07-30T17:03:38.388+05:30 TRACE 16196 --- [Spring_Boot_Start] [           main] o.s.b.f.s.DefaultListableBeanFactory     : Returning cached instance of singleton bean 'autoConfigurationReport'
2025-07-30T17:03:38.393+05:30 TRACE 16196 --- [Spring_Boot_Start] [           main] o.s.b.f.s.DefaultListableBeanFactory     : Returning cached instance of singleton bean 'autoConfigurationReport'
2025-07-30T17:03:38.396+05:30 TRACE 16196 --- [Spring_Boot_Start] [           main] o.s.c.io.support.SpringFactoriesLoader   : Loaded [org.springframework.boot.autoconfigure.template.TemplateAvailabilityProvider] names: [org.springframework.boot.autoconfigure.freemarker.FreeMarkerTemplateAvailabilityProvider, org.springframework.boot.autoconfigure.groovy.template.GroovyTemplateAvailabilityProvider, org.springframework.boot.autoconfigure.mustache.MustacheTemplateAvailabilityProvider, org.springframework.boot.autoconfigure.thymeleaf.ThymeleafTemplateAvailabilityProvider, org.springframework.boot.autoconfigure.web.servlet.JspTemplateAvailabilityProvider]
2025-07-30T17:03:38.402+05:30 TRACE 16196 --- [Spring_Boot_Start] [           main] o.s.b.f.s.DefaultListableBeanFactory     : Returning cached instance of singleton bean 'autoConfigurationReport'
2025-07-30T17:03:38.403+05:30 TRACE 16196 --- [Spring_Boot_Start] [           main] o.s.b.f.s.DefaultListableBeanFactory     : Returning cached instance of singleton bean 'autoConfigurationReport'
2025-07-30T17:03:38.403+05:30 TRACE 16196 --- [Spring_Boot_Start] [           main] o.s.b.f.s.DefaultListableBeanFactory     : Returning cached instance of singleton bean 'autoConfigurationReport'
2025-07-30T17:03:38.403+05:30 TRACE 16196 --- [Spring_Boot_Start] [           main] o.s.b.f.s.DefaultListableBeanFactory     : Returning cached instance of singleton bean 'autoConfigurationReport'
2025-07-30T17:03:38.404+05:30 TRACE 16196 --- [Spring_Boot_Start] [           main] o.s.b.f.s.DefaultListableBeanFactory     : Returning cached instance of singleton bean 'autoConfigurationReport'
2025-07-30T17:03:38.405+05:30 TRACE 16196 --- [Spring_Boot_Start] [           main] o.s.b.f.s.DefaultListableBeanFactory     : Returning cached instance of singleton bean 'autoConfigurationReport'
2025-07-30T17:03:38.405+05:30 TRACE 16196 --- [Spring_Boot_Start] [           main] o.s.b.f.s.DefaultListableBeanFactory     : Returning cached instance of singleton bean 'autoConfigurationReport'
2025-07-30T17:03:38.406+05:30 TRACE 16196 --- [Spring_Boot_Start] [           main] o.s.b.f.s.DefaultListableBeanFactory     : Returning cached instance of singleton bean 'autoConfigurationReport'
2025-07-30T17:03:38.406+05:30 TRACE 16196 --- [Spring_Boot_Start] [           main] o.s.b.f.s.DefaultListableBeanFactory     : Returning cached instance of singleton bean 'autoConfigurationReport'
2025-07-30T17:03:38.406+05:30 TRACE 16196 --- [Spring_Boot_Start] [           main] o.s.b.f.s.DefaultListableBeanFactory     : Returning cached instance of singleton bean 'autoConfigurationReport'
2025-07-30T17:03:38.406+05:30 TRACE 16196 --- [Spring_Boot_Start] [           main] o.s.b.f.s.DefaultListableBeanFactory     : Returning cached instance of singleton bean 'autoConfigurationReport'
2025-07-30T17:03:38.406+05:30 TRACE 16196 --- [Spring_Boot_Start] [           main] o.s.b.f.s.DefaultListableBeanFactory     : Returning cached instance of singleton bean 'autoConfigurationReport'
2025-07-30T17:03:38.406+05:30 TRACE 16196 --- [Spring_Boot_Start] [           main] o.s.b.f.s.DefaultListableBeanFactory     : Returning cached instance of singleton bean 'autoConfigurationReport'
2025-07-30T17:03:38.408+05:30 TRACE 16196 --- [Spring_Boot_Start] [           main] o.s.b.f.s.DefaultListableBeanFactory     : Returning cached instance of singleton bean 'autoConfigurationReport'
2025-07-30T17:03:38.408+05:30 TRACE 16196 --- [Spring_Boot_Start] [           main] o.s.b.f.s.DefaultListableBeanFactory     : Returning cached instance of singleton bean 'autoConfigurationReport'
2025-07-30T17:03:38.408+05:30 TRACE 16196 --- [Spring_Boot_Start] [           main] o.s.b.f.s.DefaultListableBeanFactory     : Returning cached instance of singleton bean 'autoConfigurationReport'
2025-07-30T17:03:38.408+05:30 TRACE 16196 --- [Spring_Boot_Start] [           main] o.s.b.f.s.DefaultListableBeanFactory     : Returning cached instance of singleton bean 'autoConfigurationReport'
2025-07-30T17:03:38.408+05:30 TRACE 16196 --- [Spring_Boot_Start] [           main] o.s.b.f.s.DefaultListableBeanFactory     : Returning cached instance of singleton bean 'autoConfigurationReport'
2025-07-30T17:03:38.418+05:30 TRACE 16196 --- [Spring_Boot_Start] [           main] o.s.b.f.s.DefaultListableBeanFactory     : Returning cached instance of singleton bean 'autoConfigurationReport'
2025-07-30T17:03:38.419+05:30 TRACE 16196 --- [Spring_Boot_Start] [           main] o.s.b.f.s.DefaultListableBeanFactory     : Returning cached instance of singleton bean 'autoConfigurationReport'
2025-07-30T17:03:38.419+05:30 TRACE 16196 --- [Spring_Boot_Start] [           main] o.s.b.f.s.DefaultListableBeanFactory     : Returning cached instance of singleton bean 'autoConfigurationReport'
2025-07-30T17:03:38.428+05:30 TRACE 16196 --- [Spring_Boot_Start] [           main] o.s.b.f.s.DefaultListableBeanFactory     : Returning cached instance of singleton bean 'autoConfigurationReport'
2025-07-30T17:03:38.428+05:30 TRACE 16196 --- [Spring_Boot_Start] [           main] o.s.b.f.s.DefaultListableBeanFactory     : Returning cached instance of singleton bean 'autoConfigurationReport'
2025-07-30T17:03:38.428+05:30 TRACE 16196 --- [Spring_Boot_Start] [           main] o.s.b.f.s.DefaultListableBeanFactory     : Returning cached instance of singleton bean 'autoConfigurationReport'
2025-07-30T17:03:38.432+05:30 TRACE 16196 --- [Spring_Boot_Start] [           main] o.s.b.f.s.DefaultListableBeanFactory     : Returning cached instance of singleton bean 'autoConfigurationReport'
2025-07-30T17:03:38.436+05:30 TRACE 16196 --- [Spring_Boot_Start] [           main] o.s.b.f.s.DefaultListableBeanFactory     : Returning cached instance of singleton bean 'autoConfigurationReport'
2025-07-30T17:03:38.438+05:30 TRACE 16196 --- [Spring_Boot_Start] [           main] o.s.b.f.s.DefaultListableBeanFactory     : Returning cached instance of singleton bean 'autoConfigurationReport'
2025-07-30T17:03:38.438+05:30 TRACE 16196 --- [Spring_Boot_Start] [           main] o.s.b.f.s.DefaultListableBeanFactory     : Returning cached instance of singleton bean 'autoConfigurationReport'
2025-07-30T17:03:38.438+05:30 TRACE 16196 --- [Spring_Boot_Start] [           main] o.s.b.f.s.DefaultListableBeanFactory     : Returning cached instance of singleton bean 'autoConfigurationReport'
2025-07-30T17:03:38.438+05:30 TRACE 16196 --- [Spring_Boot_Start] [           main] o.s.b.f.s.DefaultListableBeanFactory     : Returning cached instance of singleton bean 'autoConfigurationReport'
2025-07-30T17:03:38.438+05:30 TRACE 16196 --- [Spring_Boot_Start] [           main] o.s.b.f.s.DefaultListableBeanFactory     : Returning cached instance of singleton bean 'autoConfigurationReport'
2025-07-30T17:03:38.439+05:30 TRACE 16196 --- [Spring_Boot_Start] [           main] o.s.b.f.s.DefaultListableBeanFactory     : Returning cached instance of singleton bean 'autoConfigurationReport'
2025-07-30T17:03:38.440+05:30 TRACE 16196 --- [Spring_Boot_Start] [           main] o.s.b.f.s.DefaultListableBeanFactory     : Returning cached instance of singleton bean 'autoConfigurationReport'
2025-07-30T17:03:38.441+05:30 TRACE 16196 --- [Spring_Boot_Start] [           main] o.s.b.f.s.DefaultListableBeanFactory     : Returning cached instance of singleton bean 'autoConfigurationReport'
2025-07-30T17:03:38.441+05:30 TRACE 16196 --- [Spring_Boot_Start] [           main] o.s.b.f.s.DefaultListableBeanFactory     : Returning cached instance of singleton bean 'autoConfigurationReport'
2025-07-30T17:03:38.441+05:30 TRACE 16196 --- [Spring_Boot_Start] [           main] o.s.b.f.s.DefaultListableBeanFactory     : Returning cached instance of singleton bean 'autoConfigurationReport'
2025-07-30T17:03:38.441+05:30 TRACE 16196 --- [Spring_Boot_Start] [           main] o.s.b.f.s.DefaultListableBeanFactory     : Returning cached instance of singleton bean 'autoConfigurationReport'
2025-07-30T17:03:38.441+05:30 TRACE 16196 --- [Spring_Boot_Start] [           main] o.s.b.f.s.DefaultListableBeanFactory     : Returning cached instance of singleton bean 'autoConfigurationReport'
2025-07-30T17:03:38.441+05:30 TRACE 16196 --- [Spring_Boot_Start] [           main] o.s.b.f.s.DefaultListableBeanFactory     : Returning cached instance of singleton bean 'autoConfigurationReport'
2025-07-30T17:03:38.442+05:30 TRACE 16196 --- [Spring_Boot_Start] [           main] o.s.b.f.s.DefaultListableBeanFactory     : Returning cached instance of singleton bean 'autoConfigurationReport'
2025-07-30T17:03:38.443+05:30 TRACE 16196 --- [Spring_Boot_Start] [           main] o.s.b.f.s.DefaultListableBeanFactory     : Returning cached instance of singleton bean 'autoConfigurationReport'
2025-07-30T17:03:38.443+05:30 TRACE 16196 --- [Spring_Boot_Start] [           main] o.s.b.f.s.DefaultListableBeanFactory     : Returning cached instance of singleton bean 'autoConfigurationReport'
2025-07-30T17:03:38.443+05:30 TRACE 16196 --- [Spring_Boot_Start] [           main] o.s.b.f.s.DefaultListableBeanFactory     : Returning cached instance of singleton bean 'autoConfigurationReport'
2025-07-30T17:03:38.443+05:30 TRACE 16196 --- [Spring_Boot_Start] [           main] o.s.b.f.s.DefaultListableBeanFactory     : Returning cached instance of singleton bean 'autoConfigurationReport'
2025-07-30T17:03:38.444+05:30 TRACE 16196 --- [Spring_Boot_Start] [           main] o.s.b.f.s.DefaultListableBeanFactory     : Returning cached instance of singleton bean 'autoConfigurationReport'
2025-07-30T17:03:38.444+05:30 TRACE 16196 --- [Spring_Boot_Start] [           main] o.s.b.f.s.DefaultListableBeanFactory     : Returning cached instance of singleton bean 'autoConfigurationReport'
2025-07-30T17:03:38.444+05:30 TRACE 16196 --- [Spring_Boot_Start] [           main] o.s.b.f.s.DefaultListableBeanFactory     : Returning cached instance of singleton bean 'autoConfigurationReport'
2025-07-30T17:03:38.446+05:30 TRACE 16196 --- [Spring_Boot_Start] [           main] o.s.b.f.s.DefaultListableBeanFactory     : Returning cached instance of singleton bean 'autoConfigurationReport'
2025-07-30T17:03:38.446+05:30 TRACE 16196 --- [Spring_Boot_Start] [           main] o.s.b.f.s.DefaultListableBeanFactory     : Returning cached instance of singleton bean 'autoConfigurationReport'
2025-07-30T17:03:38.446+05:30 TRACE 16196 --- [Spring_Boot_Start] [           main] o.s.b.f.s.DefaultListableBeanFactory     : Returning cached instance of singleton bean 'autoConfigurationReport'
2025-07-30T17:03:38.446+05:30 TRACE 16196 --- [Spring_Boot_Start] [           main] o.s.b.f.s.DefaultListableBeanFactory     : Returning cached instance of singleton bean 'autoConfigurationReport'
2025-07-30T17:03:38.449+05:30 TRACE 16196 --- [Spring_Boot_Start] [           main] o.s.b.f.s.DefaultListableBeanFactory     : Returning cached instance of singleton bean 'autoConfigurationReport'
2025-07-30T17:03:38.449+05:30 TRACE 16196 --- [Spring_Boot_Start] [           main] o.s.b.f.s.DefaultListableBeanFactory     : Returning cached instance of singleton bean 'autoConfigurationReport'
2025-07-30T17:03:38.449+05:30 TRACE 16196 --- [Spring_Boot_Start] [           main] o.s.b.f.s.DefaultListableBeanFactory     : Returning cached instance of singleton bean 'autoConfigurationReport'
2025-07-30T17:03:38.450+05:30 TRACE 16196 --- [Spring_Boot_Start] [           main] o.s.b.f.s.DefaultListableBeanFactory     : Returning cached instance of singleton bean 'autoConfigurationReport'
2025-07-30T17:03:38.450+05:30 TRACE 16196 --- [Spring_Boot_Start] [           main] o.s.b.f.s.DefaultListableBeanFactory     : Returning cached instance of singleton bean 'autoConfigurationReport'
2025-07-30T17:03:38.451+05:30 TRACE 16196 --- [Spring_Boot_Start] [           main] o.s.b.f.s.DefaultListableBeanFactory     : Returning cached instance of singleton bean 'autoConfigurationReport'
2025-07-30T17:03:38.452+05:30 TRACE 16196 --- [Spring_Boot_Start] [           main] o.s.b.f.s.DefaultListableBeanFactory     : Returning cached instance of singleton bean 'autoConfigurationReport'
2025-07-30T17:03:38.452+05:30 TRACE 16196 --- [Spring_Boot_Start] [           main] o.s.b.f.s.DefaultListableBeanFactory     : Returning cached instance of singleton bean 'autoConfigurationReport'
2025-07-30T17:03:38.452+05:30 TRACE 16196 --- [Spring_Boot_Start] [           main] o.s.b.f.s.DefaultListableBeanFactory     : Returning cached instance of singleton bean 'autoConfigurationReport'
2025-07-30T17:03:38.452+05:30 TRACE 16196 --- [Spring_Boot_Start] [           main] o.s.b.f.s.DefaultListableBeanFactory     : Returning cached instance of singleton bean 'autoConfigurationReport'
2025-07-30T17:03:38.452+05:30 TRACE 16196 --- [Spring_Boot_Start] [           main] o.s.b.f.s.DefaultListableBeanFactory     : Returning cached instance of singleton bean 'autoConfigurationReport'
2025-07-30T17:03:38.452+05:30 TRACE 16196 --- [Spring_Boot_Start] [           main] o.s.b.f.s.DefaultListableBeanFactory     : Returning cached instance of singleton bean 'autoConfigurationReport'
2025-07-30T17:03:38.453+05:30 TRACE 16196 --- [Spring_Boot_Start] [           main] o.s.b.f.s.DefaultListableBeanFactory     : Returning cached instance of singleton bean 'autoConfigurationReport'
2025-07-30T17:03:38.453+05:30 TRACE 16196 --- [Spring_Boot_Start] [           main] o.s.b.f.s.DefaultListableBeanFactory     : Returning cached instance of singleton bean 'autoConfigurationReport'
2025-07-30T17:03:38.453+05:30 TRACE 16196 --- [Spring_Boot_Start] [           main] o.s.b.f.s.DefaultListableBeanFactory     : Returning cached instance of singleton bean 'autoConfigurationReport'
2025-07-30T17:03:38.454+05:30 TRACE 16196 --- [Spring_Boot_Start] [           main] o.s.b.f.s.DefaultListableBeanFactory     : Returning cached instance of singleton bean 'autoConfigurationReport'
2025-07-30T17:03:38.454+05:30 TRACE 16196 --- [Spring_Boot_Start] [           main] o.s.b.f.s.DefaultListableBeanFactory     : Returning cached instance of singleton bean 'autoConfigurationReport'
2025-07-30T17:03:38.454+05:30 TRACE 16196 --- [Spring_Boot_Start] [           main] o.s.b.f.s.DefaultListableBeanFactory     : Returning cached instance of singleton bean 'autoConfigurationReport'
2025-07-30T17:03:38.454+05:30 TRACE 16196 --- [Spring_Boot_Start] [           main] o.s.b.f.s.DefaultListableBeanFactory     : Returning cached instance of singleton bean 'autoConfigurationReport'
2025-07-30T17:03:38.454+05:30 TRACE 16196 --- [Spring_Boot_Start] [           main] o.s.b.f.s.DefaultListableBeanFactory     : Returning cached instance of singleton bean 'autoConfigurationReport'
2025-07-30T17:03:38.454+05:30 TRACE 16196 --- [Spring_Boot_Start] [           main] o.s.b.f.s.DefaultListableBeanFactory     : Returning cached instance of singleton bean 'autoConfigurationReport'
2025-07-30T17:03:38.455+05:30 TRACE 16196 --- [Spring_Boot_Start] [           main] o.s.b.f.s.DefaultListableBeanFactory     : Returning cached instance of singleton bean 'autoConfigurationReport'
2025-07-30T17:03:38.455+05:30 TRACE 16196 --- [Spring_Boot_Start] [           main] o.s.b.f.s.DefaultListableBeanFactory     : Returning cached instance of singleton bean 'autoConfigurationReport'
2025-07-30T17:03:38.456+05:30 TRACE 16196 --- [Spring_Boot_Start] [           main] o.s.b.f.s.DefaultListableBeanFactory     : Returning cached instance of singleton bean 'autoConfigurationReport'
2025-07-30T17:03:38.456+05:30 TRACE 16196 --- [Spring_Boot_Start] [           main] o.s.b.f.s.DefaultListableBeanFactory     : Returning cached instance of singleton bean 'autoConfigurationReport'
2025-07-30T17:03:38.460+05:30 TRACE 16196 --- [Spring_Boot_Start] [           main] o.s.b.f.s.DefaultListableBeanFactory     : Returning cached instance of singleton bean 'autoConfigurationReport'
2025-07-30T17:03:38.460+05:30 TRACE 16196 --- [Spring_Boot_Start] [           main] o.s.b.f.s.DefaultListableBeanFactory     : Returning cached instance of singleton bean 'autoConfigurationReport'
2025-07-30T17:03:38.460+05:30 TRACE 16196 --- [Spring_Boot_Start] [           main] o.s.b.f.s.DefaultListableBeanFactory     : Returning cached instance of singleton bean 'autoConfigurationReport'
2025-07-30T17:03:38.460+05:30 TRACE 16196 --- [Spring_Boot_Start] [           main] o.s.b.f.s.DefaultListableBeanFactory     : Returning cached instance of singleton bean 'autoConfigurationReport'
2025-07-30T17:03:38.462+05:30 TRACE 16196 --- [Spring_Boot_Start] [           main] o.s.b.f.s.DefaultListableBeanFactory     : Returning cached instance of singleton bean 'autoConfigurationReport'
2025-07-30T17:03:38.462+05:30 TRACE 16196 --- [Spring_Boot_Start] [           main] o.s.b.f.s.DefaultListableBeanFactory     : Returning cached instance of singleton bean 'autoConfigurationReport'
2025-07-30T17:03:38.462+05:30 TRACE 16196 --- [Spring_Boot_Start] [           main] o.s.b.f.s.DefaultListableBeanFactory     : Returning cached instance of singleton bean 'autoConfigurationReport'
2025-07-30T17:03:38.462+05:30 TRACE 16196 --- [Spring_Boot_Start] [           main] o.s.b.f.s.DefaultListableBeanFactory     : Returning cached instance of singleton bean 'autoConfigurationReport'
2025-07-30T17:03:38.463+05:30 TRACE 16196 --- [Spring_Boot_Start] [           main] o.s.b.f.s.DefaultListableBeanFactory     : Returning cached instance of singleton bean 'autoConfigurationReport'
2025-07-30T17:03:38.463+05:30 TRACE 16196 --- [Spring_Boot_Start] [           main] o.s.b.f.s.DefaultListableBeanFactory     : Returning cached instance of singleton bean 'autoConfigurationReport'
2025-07-30T17:03:38.463+05:30 TRACE 16196 --- [Spring_Boot_Start] [           main] o.s.b.f.s.DefaultListableBeanFactory     : Returning cached instance of singleton bean 'autoConfigurationReport'
2025-07-30T17:03:38.463+05:30 TRACE 16196 --- [Spring_Boot_Start] [           main] o.s.b.f.s.DefaultListableBeanFactory     : Returning cached instance of singleton bean 'autoConfigurationReport'
2025-07-30T17:03:38.464+05:30 TRACE 16196 --- [Spring_Boot_Start] [           main] o.s.b.f.s.DefaultListableBeanFactory     : Returning cached instance of singleton bean 'autoConfigurationReport'
2025-07-30T17:03:38.464+05:30 TRACE 16196 --- [Spring_Boot_Start] [           main] o.s.b.f.s.DefaultListableBeanFactory     : Returning cached instance of singleton bean 'autoConfigurationReport'
2025-07-30T17:03:38.464+05:30 TRACE 16196 --- [Spring_Boot_Start] [           main] o.s.b.f.s.DefaultListableBeanFactory     : Returning cached instance of singleton bean 'autoConfigurationReport'
2025-07-30T17:03:38.464+05:30 TRACE 16196 --- [Spring_Boot_Start] [           main] o.s.b.f.s.DefaultListableBeanFactory     : Returning cached instance of singleton bean 'autoConfigurationReport'
2025-07-30T17:03:38.464+05:30 TRACE 16196 --- [Spring_Boot_Start] [           main] o.s.b.f.s.DefaultListableBeanFactory     : Returning cached instance of singleton bean 'autoConfigurationReport'
2025-07-30T17:03:38.464+05:30 TRACE 16196 --- [Spring_Boot_Start] [           main] o.s.b.f.s.DefaultListableBeanFactory     : Returning cached instance of singleton bean 'autoConfigurationReport'
2025-07-30T17:03:38.464+05:30 TRACE 16196 --- [Spring_Boot_Start] [           main] o.s.b.f.s.DefaultListableBeanFactory     : Returning cached instance of singleton bean 'autoConfigurationReport'
2025-07-30T17:03:38.465+05:30 TRACE 16196 --- [Spring_Boot_Start] [           main] o.s.b.f.s.DefaultListableBeanFactory     : Returning cached instance of singleton bean 'autoConfigurationReport'
2025-07-30T17:03:38.466+05:30 TRACE 16196 --- [Spring_Boot_Start] [           main] o.s.b.f.s.DefaultListableBeanFactory     : Returning cached instance of singleton bean 'autoConfigurationReport'
2025-07-30T17:03:38.466+05:30 TRACE 16196 --- [Spring_Boot_Start] [           main] o.s.b.f.s.DefaultListableBeanFactory     : Returning cached instance of singleton bean 'autoConfigurationReport'
2025-07-30T17:03:38.466+05:30 TRACE 16196 --- [Spring_Boot_Start] [           main] o.s.b.f.s.DefaultListableBeanFactory     : Returning cached instance of singleton bean 'autoConfigurationReport'
2025-07-30T17:03:38.466+05:30 TRACE 16196 --- [Spring_Boot_Start] [           main] o.s.b.f.s.DefaultListableBeanFactory     : Returning cached instance of singleton bean 'autoConfigurationReport'
2025-07-30T17:03:38.466+05:30 TRACE 16196 --- [Spring_Boot_Start] [           main] o.s.b.f.s.DefaultListableBeanFactory     : Returning cached instance of singleton bean 'autoConfigurationReport'
2025-07-30T17:03:38.468+05:30 TRACE 16196 --- [Spring_Boot_Start] [           main] o.s.b.f.s.DefaultListableBeanFactory     : Returning cached instance of singleton bean 'autoConfigurationReport'
2025-07-30T17:03:38.468+05:30 TRACE 16196 --- [Spring_Boot_Start] [           main] o.s.b.f.s.DefaultListableBeanFactory     : Returning cached instance of singleton bean 'autoConfigurationReport'
2025-07-30T17:03:38.468+05:30 TRACE 16196 --- [Spring_Boot_Start] [           main] o.s.b.f.s.DefaultListableBeanFactory     : Returning cached instance of singleton bean 'autoConfigurationReport'
2025-07-30T17:03:38.468+05:30 TRACE 16196 --- [Spring_Boot_Start] [           main] o.s.b.f.s.DefaultListableBeanFactory     : Returning cached instance of singleton bean 'autoConfigurationReport'
2025-07-30T17:03:38.478+05:30 TRACE 16196 --- [Spring_Boot_Start] [           main] o.s.b.f.s.DefaultListableBeanFactory     : Returning cached instance of singleton bean 'autoConfigurationReport'
2025-07-30T17:03:38.478+05:30 TRACE 16196 --- [Spring_Boot_Start] [           main] o.s.b.f.s.DefaultListableBeanFactory     : Returning cached instance of singleton bean 'autoConfigurationReport'
2025-07-30T17:03:38.478+05:30 TRACE 16196 --- [Spring_Boot_Start] [           main] o.s.b.f.s.DefaultListableBeanFactory     : Returning cached instance of singleton bean 'autoConfigurationReport'
2025-07-30T17:03:38.481+05:30 TRACE 16196 --- [Spring_Boot_Start] [           main] o.s.b.f.s.DefaultListableBeanFactory     : Returning cached instance of singleton bean 'autoConfigurationReport'
2025-07-30T17:03:38.481+05:30 TRACE 16196 --- [Spring_Boot_Start] [           main] o.s.b.f.s.DefaultListableBeanFactory     : Returning cached instance of singleton bean 'autoConfigurationReport'
2025-07-30T17:03:38.482+05:30 TRACE 16196 --- [Spring_Boot_Start] [           main] o.s.b.f.s.DefaultListableBeanFactory     : Returning cached instance of singleton bean 'autoConfigurationReport'
2025-07-30T17:03:38.482+05:30 TRACE 16196 --- [Spring_Boot_Start] [           main] o.s.b.f.s.DefaultListableBeanFactory     : Returning cached instance of singleton bean 'autoConfigurationReport'
2025-07-30T17:03:38.482+05:30 TRACE 16196 --- [Spring_Boot_Start] [           main] o.s.b.f.s.DefaultListableBeanFactory     : Returning cached instance of singleton bean 'autoConfigurationReport'
2025-07-30T17:03:38.482+05:30 TRACE 16196 --- [Spring_Boot_Start] [           main] o.s.b.f.s.DefaultListableBeanFactory     : Returning cached instance of singleton bean 'autoConfigurationReport'
2025-07-30T17:03:38.482+05:30 TRACE 16196 --- [Spring_Boot_Start] [           main] o.s.b.f.s.DefaultListableBeanFactory     : Returning cached instance of singleton bean 'autoConfigurationReport'
2025-07-30T17:03:38.483+05:30 TRACE 16196 --- [Spring_Boot_Start] [           main] o.s.b.f.s.DefaultListableBeanFactory     : Returning cached instance of singleton bean 'autoConfigurationReport'
2025-07-30T17:03:38.483+05:30 TRACE 16196 --- [Spring_Boot_Start] [           main] o.s.b.f.s.DefaultListableBeanFactory     : Returning cached instance of singleton bean 'autoConfigurationReport'
2025-07-30T17:03:38.483+05:30 TRACE 16196 --- [Spring_Boot_Start] [           main] o.s.b.f.s.DefaultListableBeanFactory     : Returning cached instance of singleton bean 'autoConfigurationReport'
2025-07-30T17:03:38.483+05:30 TRACE 16196 --- [Spring_Boot_Start] [           main] o.s.b.f.s.DefaultListableBeanFactory     : Returning cached instance of singleton bean 'autoConfigurationReport'
2025-07-30T17:03:38.483+05:30 TRACE 16196 --- [Spring_Boot_Start] [           main] o.s.b.f.s.DefaultListableBeanFactory     : Returning cached instance of singleton bean 'autoConfigurationReport'
2025-07-30T17:03:38.484+05:30 TRACE 16196 --- [Spring_Boot_Start] [           main] o.s.b.f.s.DefaultListableBeanFactory     : Returning cached instance of singleton bean 'autoConfigurationReport'
2025-07-30T17:03:38.484+05:30 TRACE 16196 --- [Spring_Boot_Start] [           main] o.s.b.f.s.DefaultListableBeanFactory     : Returning cached instance of singleton bean 'autoConfigurationReport'
2025-07-30T17:03:38.484+05:30 TRACE 16196 --- [Spring_Boot_Start] [           main] o.s.b.f.s.DefaultListableBeanFactory     : Returning cached instance of singleton bean 'autoConfigurationReport'
2025-07-30T17:03:38.484+05:30 TRACE 16196 --- [Spring_Boot_Start] [           main] o.s.b.f.s.DefaultListableBeanFactory     : Returning cached instance of singleton bean 'autoConfigurationReport'
2025-07-30T17:03:38.484+05:30 TRACE 16196 --- [Spring_Boot_Start] [           main] o.s.b.f.s.DefaultListableBeanFactory     : Returning cached instance of singleton bean 'autoConfigurationReport'
2025-07-30T17:03:38.485+05:30 TRACE 16196 --- [Spring_Boot_Start] [           main] o.s.b.f.s.DefaultListableBeanFactory     : Returning cached instance of singleton bean 'autoConfigurationReport'
2025-07-30T17:03:38.485+05:30 TRACE 16196 --- [Spring_Boot_Start] [           main] o.s.b.f.s.DefaultListableBeanFactory     : Returning cached instance of singleton bean 'autoConfigurationReport'
2025-07-30T17:03:38.485+05:30 TRACE 16196 --- [Spring_Boot_Start] [           main] o.s.b.f.s.DefaultListableBeanFactory     : Returning cached instance of singleton bean 'autoConfigurationReport'
2025-07-30T17:03:38.485+05:30 TRACE 16196 --- [Spring_Boot_Start] [           main] o.s.b.f.s.DefaultListableBeanFactory     : Returning cached instance of singleton bean 'autoConfigurationReport'
2025-07-30T17:03:38.485+05:30 TRACE 16196 --- [Spring_Boot_Start] [           main] o.s.b.f.s.DefaultListableBeanFactory     : Returning cached instance of singleton bean 'autoConfigurationReport'
2025-07-30T17:03:38.485+05:30 TRACE 16196 --- [Spring_Boot_Start] [           main] o.s.b.f.s.DefaultListableBeanFactory     : Returning cached instance of singleton bean 'autoConfigurationReport'
2025-07-30T17:03:38.485+05:30 TRACE 16196 --- [Spring_Boot_Start] [           main] o.s.b.f.s.DefaultListableBeanFactory     : Returning cached instance of singleton bean 'autoConfigurationReport'
2025-07-30T17:03:38.486+05:30 TRACE 16196 --- [Spring_Boot_Start] [           main] o.s.b.f.s.DefaultListableBeanFactory     : Returning cached instance of singleton bean 'autoConfigurationReport'
2025-07-30T17:03:38.486+05:30 TRACE 16196 --- [Spring_Boot_Start] [           main] o.s.b.f.s.DefaultListableBeanFactory     : Returning cached instance of singleton bean 'autoConfigurationReport'
2025-07-30T17:03:38.486+05:30 TRACE 16196 --- [Spring_Boot_Start] [           main] o.s.b.f.s.DefaultListableBeanFactory     : Returning cached instance of singleton bean 'autoConfigurationReport'
2025-07-30T17:03:38.489+05:30 TRACE 16196 --- [Spring_Boot_Start] [           main] o.s.b.f.s.DefaultListableBeanFactory     : Returning cached instance of singleton bean 'autoConfigurationReport'
2025-07-30T17:03:38.489+05:30 TRACE 16196 --- [Spring_Boot_Start] [           main] o.s.b.f.s.DefaultListableBeanFactory     : Returning cached instance of singleton bean 'autoConfigurationReport'
2025-07-30T17:03:38.489+05:30 TRACE 16196 --- [Spring_Boot_Start] [           main] o.s.b.f.s.DefaultListableBeanFactory     : Returning cached instance of singleton bean 'autoConfigurationReport'
2025-07-30T17:03:38.490+05:30 TRACE 16196 --- [Spring_Boot_Start] [           main] o.s.b.f.s.DefaultListableBeanFactory     : Returning cached instance of singleton bean 'autoConfigurationReport'
2025-07-30T17:03:38.491+05:30 TRACE 16196 --- [Spring_Boot_Start] [           main] o.s.b.f.s.DefaultListableBeanFactory     : Returning cached instance of singleton bean 'autoConfigurationReport'
2025-07-30T17:03:38.491+05:30 TRACE 16196 --- [Spring_Boot_Start] [           main] o.s.b.f.s.DefaultListableBeanFactory     : Returning cached instance of singleton bean 'autoConfigurationReport'
2025-07-30T17:03:38.491+05:30 TRACE 16196 --- [Spring_Boot_Start] [           main] o.s.b.f.s.DefaultListableBeanFactory     : Returning cached instance of singleton bean 'autoConfigurationReport'
2025-07-30T17:03:38.491+05:30 TRACE 16196 --- [Spring_Boot_Start] [           main] o.s.b.f.s.DefaultListableBeanFactory     : Returning cached instance of singleton bean 'autoConfigurationReport'
2025-07-30T17:03:38.492+05:30 TRACE 16196 --- [Spring_Boot_Start] [           main] o.s.b.f.s.DefaultListableBeanFactory     : Returning cached instance of singleton bean 'autoConfigurationReport'
2025-07-30T17:03:38.492+05:30 TRACE 16196 --- [Spring_Boot_Start] [           main] o.s.b.f.s.DefaultListableBeanFactory     : Returning cached instance of singleton bean 'autoConfigurationReport'
2025-07-30T17:03:38.492+05:30 TRACE 16196 --- [Spring_Boot_Start] [           main] o.s.b.f.s.DefaultListableBeanFactory     : Returning cached instance of singleton bean 'autoConfigurationReport'
2025-07-30T17:03:38.492+05:30 TRACE 16196 --- [Spring_Boot_Start] [           main] o.s.b.f.s.DefaultListableBeanFactory     : Returning cached instance of singleton bean 'autoConfigurationReport'
2025-07-30T17:03:38.495+05:30 TRACE 16196 --- [Spring_Boot_Start] [           main] o.s.b.f.s.DefaultListableBeanFactory     : Returning cached instance of singleton bean 'autoConfigurationReport'
2025-07-30T17:03:38.496+05:30 TRACE 16196 --- [Spring_Boot_Start] [           main] o.s.b.f.s.DefaultListableBeanFactory     : Returning cached instance of singleton bean 'autoConfigurationReport'
2025-07-30T17:03:38.496+05:30 TRACE 16196 --- [Spring_Boot_Start] [           main] o.s.b.f.s.DefaultListableBeanFactory     : Returning cached instance of singleton bean 'autoConfigurationReport'
2025-07-30T17:03:38.496+05:30 TRACE 16196 --- [Spring_Boot_Start] [           main] o.s.b.f.s.DefaultListableBeanFactory     : Returning cached instance of singleton bean 'autoConfigurationReport'
2025-07-30T17:03:38.496+05:30 TRACE 16196 --- [Spring_Boot_Start] [           main] o.s.b.f.s.DefaultListableBeanFactory     : Returning cached instance of singleton bean 'autoConfigurationReport'
2025-07-30T17:03:38.496+05:30 TRACE 16196 --- [Spring_Boot_Start] [           main] o.s.b.f.s.DefaultListableBeanFactory     : Returning cached instance of singleton bean 'autoConfigurationReport'
2025-07-30T17:03:38.496+05:30 TRACE 16196 --- [Spring_Boot_Start] [           main] o.s.b.f.s.DefaultListableBeanFactory     : Returning cached instance of singleton bean 'autoConfigurationReport'
2025-07-30T17:03:38.497+05:30 TRACE 16196 --- [Spring_Boot_Start] [           main] o.s.b.f.s.DefaultListableBeanFactory     : Returning cached instance of singleton bean 'autoConfigurationReport'
2025-07-30T17:03:38.497+05:30 TRACE 16196 --- [Spring_Boot_Start] [           main] o.s.b.f.s.DefaultListableBeanFactory     : Returning cached instance of singleton bean 'autoConfigurationReport'
2025-07-30T17:03:38.497+05:30 TRACE 16196 --- [Spring_Boot_Start] [           main] o.s.b.f.s.DefaultListableBeanFactory     : Returning cached instance of singleton bean 'autoConfigurationReport'
2025-07-30T17:03:38.498+05:30 TRACE 16196 --- [Spring_Boot_Start] [           main] o.s.b.f.s.DefaultListableBeanFactory     : Returning cached instance of singleton bean 'autoConfigurationReport'
2025-07-30T17:03:38.498+05:30 TRACE 16196 --- [Spring_Boot_Start] [           main] o.s.b.f.s.DefaultListableBeanFactory     : Returning cached instance of singleton bean 'autoConfigurationReport'
2025-07-30T17:03:38.498+05:30 TRACE 16196 --- [Spring_Boot_Start] [           main] o.s.b.f.s.DefaultListableBeanFactory     : Returning cached instance of singleton bean 'autoConfigurationReport'
2025-07-30T17:03:38.498+05:30 TRACE 16196 --- [Spring_Boot_Start] [           main] o.s.b.f.s.DefaultListableBeanFactory     : Returning cached instance of singleton bean 'autoConfigurationReport'
2025-07-30T17:03:38.498+05:30 TRACE 16196 --- [Spring_Boot_Start] [           main] o.s.b.f.s.DefaultListableBeanFactory     : Returning cached instance of singleton bean 'autoConfigurationReport'
2025-07-30T17:03:38.498+05:30 TRACE 16196 --- [Spring_Boot_Start] [           main] o.s.b.f.s.DefaultListableBeanFactory     : Returning cached instance of singleton bean 'autoConfigurationReport'
2025-07-30T17:03:38.499+05:30 TRACE 16196 --- [Spring_Boot_Start] [           main] o.s.b.f.s.DefaultListableBeanFactory     : Returning cached instance of singleton bean 'autoConfigurationReport'
2025-07-30T17:03:38.499+05:30 TRACE 16196 --- [Spring_Boot_Start] [           main] o.s.b.f.s.DefaultListableBeanFactory     : Returning cached instance of singleton bean 'autoConfigurationReport'
2025-07-30T17:03:38.499+05:30 TRACE 16196 --- [Spring_Boot_Start] [           main] o.s.b.f.s.DefaultListableBeanFactory     : Returning cached instance of singleton bean 'autoConfigurationReport'
2025-07-30T17:03:38.500+05:30 TRACE 16196 --- [Spring_Boot_Start] [           main] o.s.b.f.s.DefaultListableBeanFactory     : Returning cached instance of singleton bean 'autoConfigurationReport'
2025-07-30T17:03:38.500+05:30 TRACE 16196 --- [Spring_Boot_Start] [           main] o.s.b.f.s.DefaultListableBeanFactory     : Returning cached instance of singleton bean 'autoConfigurationReport'
2025-07-30T17:03:38.500+05:30 TRACE 16196 --- [Spring_Boot_Start] [           main] o.s.b.f.s.DefaultListableBeanFactory     : Returning cached instance of singleton bean 'autoConfigurationReport'
2025-07-30T17:03:38.500+05:30 TRACE 16196 --- [Spring_Boot_Start] [           main] o.s.b.f.s.DefaultListableBeanFactory     : Returning cached instance of singleton bean 'autoConfigurationReport'
2025-07-30T17:03:38.500+05:30 TRACE 16196 --- [Spring_Boot_Start] [           main] o.s.b.f.s.DefaultListableBeanFactory     : Returning cached instance of singleton bean 'autoConfigurationReport'
2025-07-30T17:03:38.501+05:30 TRACE 16196 --- [Spring_Boot_Start] [           main] o.s.b.f.s.DefaultListableBeanFactory     : Returning cached instance of singleton bean 'autoConfigurationReport'
2025-07-30T17:03:38.502+05:30 TRACE 16196 --- [Spring_Boot_Start] [           main] o.s.b.f.s.DefaultListableBeanFactory     : Returning cached instance of singleton bean 'autoConfigurationReport'
2025-07-30T17:03:38.509+05:30 TRACE 16196 --- [Spring_Boot_Start] [           main] o.s.b.f.s.DefaultListableBeanFactory     : Returning cached instance of singleton bean 'autoConfigurationReport'
2025-07-30T17:03:38.509+05:30 TRACE 16196 --- [Spring_Boot_Start] [           main] o.s.b.f.s.DefaultListableBeanFactory     : Returning cached instance of singleton bean 'autoConfigurationReport'
2025-07-30T17:03:38.509+05:30 TRACE 16196 --- [Spring_Boot_Start] [           main] o.s.b.f.s.DefaultListableBeanFactory     : Returning cached instance of singleton bean 'autoConfigurationReport'
2025-07-30T17:03:38.509+05:30 TRACE 16196 --- [Spring_Boot_Start] [           main] o.s.b.f.s.DefaultListableBeanFactory     : Returning cached instance of singleton bean 'autoConfigurationReport'
2025-07-30T17:03:38.511+05:30 TRACE 16196 --- [Spring_Boot_Start] [           main] o.s.b.f.s.DefaultListableBeanFactory     : Returning cached instance of singleton bean 'autoConfigurationReport'
2025-07-30T17:03:38.511+05:30 TRACE 16196 --- [Spring_Boot_Start] [           main] o.s.b.f.s.DefaultListableBeanFactory     : Returning cached instance of singleton bean 'autoConfigurationReport'
2025-07-30T17:03:38.511+05:30 TRACE 16196 --- [Spring_Boot_Start] [           main] o.s.b.f.s.DefaultListableBeanFactory     : Returning cached instance of singleton bean 'autoConfigurationReport'
2025-07-30T17:03:38.512+05:30 TRACE 16196 --- [Spring_Boot_Start] [           main] o.s.b.f.s.DefaultListableBeanFactory     : Returning cached instance of singleton bean 'autoConfigurationReport'
2025-07-30T17:03:38.514+05:30 TRACE 16196 --- [Spring_Boot_Start] [           main] o.s.b.f.s.DefaultListableBeanFactory     : Returning cached instance of singleton bean 'autoConfigurationReport'
2025-07-30T17:03:38.514+05:30 TRACE 16196 --- [Spring_Boot_Start] [           main] o.s.b.f.s.DefaultListableBeanFactory     : Returning cached instance of singleton bean 'autoConfigurationReport'
2025-07-30T17:03:38.514+05:30 TRACE 16196 --- [Spring_Boot_Start] [           main] o.s.b.f.s.DefaultListableBeanFactory     : Returning cached instance of singleton bean 'autoConfigurationReport'
2025-07-30T17:03:38.519+05:30 TRACE 16196 --- [Spring_Boot_Start] [           main] o.s.b.f.s.DefaultListableBeanFactory     : Returning cached instance of singleton bean 'autoConfigurationReport'
2025-07-30T17:03:38.520+05:30 TRACE 16196 --- [Spring_Boot_Start] [           main] o.s.b.f.s.DefaultListableBeanFactory     : Returning cached instance of singleton bean 'autoConfigurationReport'
2025-07-30T17:03:38.520+05:30 TRACE 16196 --- [Spring_Boot_Start] [           main] o.s.b.f.s.DefaultListableBeanFactory     : Returning cached instance of singleton bean 'autoConfigurationReport'
2025-07-30T17:03:38.520+05:30 TRACE 16196 --- [Spring_Boot_Start] [           main] o.s.b.f.s.DefaultListableBeanFactory     : Returning cached instance of singleton bean 'autoConfigurationReport'
2025-07-30T17:03:38.521+05:30 TRACE 16196 --- [Spring_Boot_Start] [           main] o.s.b.f.s.DefaultListableBeanFactory     : Returning cached instance of singleton bean 'autoConfigurationReport'
2025-07-30T17:03:38.521+05:30 TRACE 16196 --- [Spring_Boot_Start] [           main] o.s.b.f.s.DefaultListableBeanFactory     : Returning cached instance of singleton bean 'autoConfigurationReport'
2025-07-30T17:03:38.522+05:30 TRACE 16196 --- [Spring_Boot_Start] [           main] o.s.b.f.s.DefaultListableBeanFactory     : Returning cached instance of singleton bean 'autoConfigurationReport'
2025-07-30T17:03:38.523+05:30 TRACE 16196 --- [Spring_Boot_Start] [           main] o.s.b.f.s.DefaultListableBeanFactory     : Returning cached instance of singleton bean 'autoConfigurationReport'
[...]
2025-07-30T17:03:41.022+05:30 TRACE 16196 --- [Spring_Boot_Start] [           main] o.s.b.f.s.DefaultListableBeanFactory     : Returning cached instance of singleton bean 'parameterNamesModule'
2025-07-30T17:03:41.022+05:30 TRACE 16196 --- [Spring_Boot_Start] [           main] o.s.b.f.s.DefaultListableBeanFactory     : Returning cached instance of singleton bean 'org.springframework.boot.autoconfigure.jackson.JacksonAutoConfiguration$JacksonObjectMapperConfiguration'
2025-07-30T17:03:41.022+05:30 TRACE 16196 --- [Spring_Boot_Start] [           main] o.s.b.f.s.DefaultListableBeanFactory     : Returning cached instance of singleton bean 'jacksonObjectMapper'
2025-07-30T17:03:41.022+05:30 TRACE 16196 --- [Spring_Boot_Start] [           main] o.s.b.f.s.DefaultListableBeanFactory     : Returning cached instance of singleton bean 'org.springframework.boot.autoconfigure.jackson.JacksonAutoConfiguration$JacksonMixinConfiguration'
2025-07-30T17:03:41.022+05:30 TRACE 16196 --- [Spring_Boot_Start] [           main] o.s.b.f.s.DefaultListableBeanFactory     : Returning cached instance of singleton bean 'jsonMixinModuleEntries'
2025-07-30T17:03:41.022+05:30 TRACE 16196 --- [Spring_Boot_Start] [           main] o.s.b.f.s.DefaultListableBeanFactory     : Returning cached instance of singleton bean 'jsonMixinModule'
2025-07-30T17:03:41.022+05:30 TRACE 16196 --- [Spring_Boot_Start] [           main] o.s.b.f.s.DefaultListableBeanFactory     : Returning cached instance of singleton bean 'org.springframework.boot.autoconfigure.jackson.JacksonAutoConfiguration'
2025-07-30T17:03:41.022+05:30 TRACE 16196 --- [Spring_Boot_Start] [           main] o.s.b.f.s.DefaultListableBeanFactory     : Returning cached instance of singleton bean 'jsonComponentModule'
2025-07-30T17:03:41.022+05:30 TRACE 16196 --- [Spring_Boot_Start] [           main] o.s.b.f.s.DefaultListableBeanFactory     : Returning cached instance of singleton bean 'org.springframework.boot.autoconfigure.context.ConfigurationPropertiesAutoConfiguration'
2025-07-30T17:03:41.022+05:30 TRACE 16196 --- [Spring_Boot_Start] [           main] o.s.b.f.s.DefaultListableBeanFactory     : Returning cached instance of singleton bean 'org.springframework.boot.autoconfigure.context.LifecycleAutoConfiguration'
2025-07-30T17:03:41.022+05:30 TRACE 16196 --- [Spring_Boot_Start] [           main] o.s.b.f.s.DefaultListableBeanFactory     : Returning cached instance of singleton bean 'lifecycleProcessor'
2025-07-30T17:03:41.022+05:30 TRACE 16196 --- [Spring_Boot_Start] [           main] o.s.b.f.s.DefaultListableBeanFactory     : Returning cached instance of singleton bean 'spring.lifecycle-org.springframework.boot.autoconfigure.context.LifecycleProperties'
2025-07-30T17:03:41.022+05:30 TRACE 16196 --- [Spring_Boot_Start] [           main] o.s.b.f.s.DefaultListableBeanFactory     : Returning cached instance of singleton bean 'org.springframework.boot.autoconfigure.http.HttpMessageConvertersAutoConfiguration$StringHttpMessageConverterConfiguration'
2025-07-30T17:03:41.022+05:30 TRACE 16196 --- [Spring_Boot_Start] [           main] o.s.b.f.s.DefaultListableBeanFactory     : Returning cached instance of singleton bean 'stringHttpMessageConverter'
2025-07-30T17:03:41.022+05:30 TRACE 16196 --- [Spring_Boot_Start] [           main] o.s.b.f.s.DefaultListableBeanFactory     : Returning cached instance of singleton bean 'org.springframework.boot.autoconfigure.http.JacksonHttpMessageConvertersConfiguration$MappingJackson2HttpMessageConverterConfiguration'
2025-07-30T17:03:41.022+05:30 TRACE 16196 --- [Spring_Boot_Start] [           main] o.s.b.f.s.DefaultListableBeanFactory     : Returning cached instance of singleton bean 'mappingJackson2HttpMessageConverter'
2025-07-30T17:03:41.022+05:30 TRACE 16196 --- [Spring_Boot_Start] [           main] o.s.b.f.s.DefaultListableBeanFactory     : Returning cached instance of singleton bean 'org.springframework.boot.autoconfigure.http.JacksonHttpMessageConvertersConfiguration'
2025-07-30T17:03:41.022+05:30 TRACE 16196 --- [Spring_Boot_Start] [           main] o.s.b.f.s.DefaultListableBeanFactory     : Returning cached instance of singleton bean 'org.springframework.boot.autoconfigure.http.HttpMessageConvertersAutoConfiguration'
2025-07-30T17:03:41.022+05:30 TRACE 16196 --- [Spring_Boot_Start] [           main] o.s.b.f.s.DefaultListableBeanFactory     : Returning cached instance of singleton bean 'messageConverters'
2025-07-30T17:03:41.022+05:30 TRACE 16196 --- [Spring_Boot_Start] [           main] o.s.b.f.s.DefaultListableBeanFactory     : Returning cached instance of singleton bean 'org.springframework.boot.autoconfigure.http.client.HttpClientAutoConfiguration'
2025-07-30T17:03:41.022+05:30 TRACE 16196 --- [Spring_Boot_Start] [           main] o.s.b.f.s.DefaultListableBeanFactory     : Returning cached instance of singleton bean 'clientHttpRequestFactoryBuilder'
2025-07-30T17:03:41.022+05:30 TRACE 16196 --- [Spring_Boot_Start] [           main] o.s.b.f.s.DefaultListableBeanFactory     : Returning cached instance of singleton bean 'clientHttpRequestFactorySettings'
2025-07-30T17:03:41.022+05:30 TRACE 16196 --- [Spring_Boot_Start] [           main] o.s.b.f.s.DefaultListableBeanFactory     : Returning cached instance of singleton bean 'spring.http.client-org.springframework.boot.autoconfigure.http.client.HttpClientProperties'
2025-07-30T17:03:41.023+05:30 TRACE 16196 --- [Spring_Boot_Start] [           main] o.s.b.f.s.DefaultListableBeanFactory     : Returning cached instance of singleton bean 'org.springframework.boot.autoconfigure.info.ProjectInfoAutoConfiguration'
2025-07-30T17:03:41.023+05:30 TRACE 16196 --- [Spring_Boot_Start] [           main] o.s.b.f.s.DefaultListableBeanFactory     : Returning cached instance of singleton bean 'spring.info-org.springframework.boot.autoconfigure.info.ProjectInfoProperties'
2025-07-30T17:03:41.023+05:30 TRACE 16196 --- [Spring_Boot_Start] [           main] o.s.b.f.s.DefaultListableBeanFactory     : Returning cached instance of singleton bean 'org.springframework.boot.autoconfigure.sql.init.SqlInitializationAutoConfiguration'
2025-07-30T17:03:41.023+05:30 TRACE 16196 --- [Spring_Boot_Start] [           main] o.s.b.f.s.DefaultListableBeanFactory     : Returning cached instance of singleton bean 'spring.sql.init-org.springframework.boot.autoconfigure.sql.init.SqlInitializationProperties'
2025-07-30T17:03:41.023+05:30 TRACE 16196 --- [Spring_Boot_Start] [           main] o.s.b.f.s.DefaultListableBeanFactory     : Returning cached instance of singleton bean 'org.springframework.boot.sql.init.dependency.DatabaseInitializationDependencyConfigurer$DependsOnDatabaseInitializationPostProcessor'
2025-07-30T17:03:41.023+05:30 TRACE 16196 --- [Spring_Boot_Start] [           main] o.s.b.f.s.DefaultListableBeanFactory     : Returning cached instance of singleton bean 'org.springframework.boot.autoconfigure.task.TaskSchedulingConfigurations$ThreadPoolTaskSchedulerBuilderConfiguration'
2025-07-30T17:03:41.023+05:30 TRACE 16196 --- [Spring_Boot_Start] [           main] o.s.b.f.s.DefaultListableBeanFactory     : Returning cached instance of singleton bean 'threadPoolTaskSchedulerBuilder'
2025-07-30T17:03:41.023+05:30 TRACE 16196 --- [Spring_Boot_Start] [           main] o.s.b.f.s.DefaultListableBeanFactory     : Returning cached instance of singleton bean 'org.springframework.boot.autoconfigure.task.TaskSchedulingConfigurations$SimpleAsyncTaskSchedulerBuilderConfiguration'
2025-07-30T17:03:41.023+05:30 TRACE 16196 --- [Spring_Boot_Start] [           main] o.s.b.f.s.DefaultListableBeanFactory     : Returning cached instance of singleton bean 'simpleAsyncTaskSchedulerBuilder'
2025-07-30T17:03:41.023+05:30 TRACE 16196 --- [Spring_Boot_Start] [           main] o.s.b.f.s.DefaultListableBeanFactory     : Returning cached instance of singleton bean 'org.springframework.boot.autoconfigure.task.TaskSchedulingAutoConfiguration'
2025-07-30T17:03:41.023+05:30 TRACE 16196 --- [Spring_Boot_Start] [           main] o.s.b.f.s.DefaultListableBeanFactory     : Returning cached instance of singleton bean 'spring.task.scheduling-org.springframework.boot.autoconfigure.task.TaskSchedulingProperties'
2025-07-30T17:03:41.023+05:30 TRACE 16196 --- [Spring_Boot_Start] [           main] o.s.b.f.s.DefaultListableBeanFactory     : Returning cached instance of singleton bean 'org.springframework.boot.autoconfigure.web.client.RestClientAutoConfiguration'
2025-07-30T17:03:41.023+05:30 TRACE 16196 --- [Spring_Boot_Start] [           main] o.s.b.f.s.DefaultListableBeanFactory     : Returning cached instance of singleton bean 'httpMessageConvertersRestClientCustomizer'
2025-07-30T17:03:41.023+05:30 TRACE 16196 --- [Spring_Boot_Start] [           main] o.s.b.f.s.DefaultListableBeanFactory     : Returning cached instance of singleton bean 'restClientSsl'
2025-07-30T17:03:41.023+05:30 TRACE 16196 --- [Spring_Boot_Start] [           main] o.s.b.f.s.DefaultListableBeanFactory     : Returning cached instance of singleton bean 'restClientBuilderConfigurer'
2025-07-30T17:03:41.023+05:30 TRACE 16196 --- [Spring_Boot_Start] [           main] o.s.b.f.s.DefaultListableBeanFactory     : Returning cached instance of singleton bean 'org.springframework.boot.autoconfigure.web.client.RestTemplateAutoConfiguration'
2025-07-30T17:03:41.023+05:30 TRACE 16196 --- [Spring_Boot_Start] [           main] o.s.b.f.s.DefaultListableBeanFactory     : Returning cached instance of singleton bean 'org.springframework.boot.autoconfigure.web.servlet.HttpEncodingAutoConfiguration'
2025-07-30T17:03:41.023+05:30 TRACE 16196 --- [Spring_Boot_Start] [           main] o.s.b.f.s.DefaultListableBeanFactory     : Returning cached instance of singleton bean 'characterEncodingFilter'
2025-07-30T17:03:41.023+05:30 TRACE 16196 --- [Spring_Boot_Start] [           main] o.s.b.f.s.DefaultListableBeanFactory     : Returning cached instance of singleton bean 'localeCharsetMappingsCustomizer'
2025-07-30T17:03:41.023+05:30 TRACE 16196 --- [Spring_Boot_Start] [           main] o.s.b.f.s.DefaultListableBeanFactory     : Returning cached instance of singleton bean 'org.springframework.boot.autoconfigure.web.servlet.MultipartAutoConfiguration'
2025-07-30T17:03:41.023+05:30 TRACE 16196 --- [Spring_Boot_Start] [           main] o.s.b.f.s.DefaultListableBeanFactory     : Returning cached instance of singleton bean 'multipartConfigElement'
2025-07-30T17:03:41.023+05:30 TRACE 16196 --- [Spring_Boot_Start] [           main] o.s.b.f.s.DefaultListableBeanFactory     : Returning cached instance of singleton bean 'multipartResolver'
2025-07-30T17:03:41.023+05:30 TRACE 16196 --- [Spring_Boot_Start] [           main] o.s.b.f.s.DefaultListableBeanFactory     : Returning cached instance of singleton bean 'spring.servlet.multipart-org.springframework.boot.autoconfigure.web.servlet.MultipartProperties'
2025-07-30T17:03:41.023+05:30 TRACE 16196 --- [Spring_Boot_Start] [           main] o.s.b.f.s.DefaultListableBeanFactory     : Returning cached instance of singleton bean 'org.springframework.aop.config.internalAutoProxyCreator'
2025-07-30T17:03:41.023+05:30 TRACE 16196 --- [Spring_Boot_Start] [           main] o.s.b.f.s.DefaultListableBeanFactory     : Returning cached instance of singleton bean 'org.springframework.boot.test.mock.mockito.MockitoBeans'
2025-07-30T17:03:41.025+05:30 TRACE 16196 --- [Spring_Boot_Start] [           main] c.DefaultCacheAwareContextLoaderDelegate : Retrieved ApplicationContext [1970779713] from cache with key [WebMergedContextConfiguration@62b93086 testClass = com.Spring_Boot_Start.Spring_Boot_Start.SpringBootStartApplicationTests, locations = [], classes = [com.Spring_Boot_Start.Spring_Boot_Start.SpringBootStartApplication], contextInitializerClasses = [], activeProfiles = [], propertySourceDescriptors = [], propertySourceProperties = ["org.springframework.boot.test.context.SpringBootTestContextBootstrapper=true"], contextCustomizers = [org.springframework.boot.test.context.filter.ExcludeFilterContextCustomizer@4b741d6d, org.springframework.boot.test.json.DuplicateJsonObjectContextCustomizerFactory$DuplicateJsonObjectContextCustomizer@7674f035, org.springframework.boot.test.mock.mockito.MockitoContextCustomizer@0, org.springframework.boot.test.web.client.TestRestTemplateContextCustomizer@1cf6d1be, org.springframework.boot.test.web.reactor.netty.DisableReactorResourceFactoryGlobalResourcesContextCustomizerFactory$DisableReactorResourceFactoryGlobalResourcesContextCustomizerCustomizer@4c60d6e9, org.springframework.boot.test.autoconfigure.OnFailureConditionReportContextCustomizerFactory$OnFailureConditionReportContextCustomizer@1349883, org.springframework.boot.test.autoconfigure.actuate.observability.ObservabilityContextCustomizerFactory$DisableObservabilityContextCustomizer@1f, org.springframework.boot.test.autoconfigure.properties.PropertyMappingContextCustomizer@0, org.springframework.boot.test.autoconfigure.web.servlet.WebDriverContextCustomizer@268f106e, org.springframework.test.context.support.DynamicPropertiesContextCustomizer@0, org.springframework.boot.test.context.SpringBootTestAnnotation@9f0191c7], resourceBasePath = "src/main/webapp", contextLoader = org.springframework.boot.test.context.SpringBootContextLoader, parent = null]
2025-07-30T17:03:41.025+05:30 DEBUG 16196 --- [Spring_Boot_Start] [           main] org.springframework.test.context.cache   : Spring test ApplicationContext cache statistics: [DefaultContextCache@254449bb size = 1, maxSize = 32, parentContextCount = 0, hitCount = 13, missCount = 1, failureCount = 0]
2025-07-30T17:03:41.026+05:30 TRACE 16196 --- [Spring_Boot_Start] [           main] .c.s.DirtiesContextTestExecutionListener : After test method: context [DefaultTestContext@29ebbdf4 testClass = com.Spring_Boot_Start.Spring_Boot_Start.SpringBootStartApplicationTests, testInstance = com.Spring_Boot_Start.Spring_Boot_Start.SpringBootStartApplicationTests@2fd954f, testMethod = contextLoads(), testException = null, mergedContextConfiguration = [WebMergedContextConfiguration@62b93086 testClass = com.Spring_Boot_Start.Spring_Boot_Start.SpringBootStartApplicationTests, locations = [], classes = [com.Spring_Boot_Start.Spring_Boot_Start.SpringBootStartApplication], contextInitializerClasses = [], activeProfiles = [], propertySourceDescriptors = [], propertySourceProperties = ["org.springframework.boot.test.context.SpringBootTestContextBootstrapper=true"], contextCustomizers = [org.springframework.boot.test.context.filter.ExcludeFilterContextCustomizer@4b741d6d, org.springframework.boot.test.json.DuplicateJsonObjectContextCustomizerFactory$DuplicateJsonObjectContextCustomizer@7674f035, org.springframework.boot.test.mock.mockito.MockitoContextCustomizer@0, org.springframework.boot.test.web.client.TestRestTemplateContextCustomizer@1cf6d1be, org.springframework.boot.test.web.reactor.netty.DisableReactorResourceFactoryGlobalResourcesContextCustomizerFactory$DisableReactorResourceFactoryGlobalResourcesContextCustomizerCustomizer@4c60d6e9, org.springframework.boot.test.autoconfigure.OnFailureConditionReportContextCustomizerFactory$OnFailureConditionReportContextCustomizer@1349883, org.springframework.boot.test.autoconfigure.actuate.observability.ObservabilityContextCustomizerFactory$DisableObservabilityContextCustomizer@1f, org.springframework.boot.test.autoconfigure.properties.PropertyMappingContextCustomizer@0, org.springframework.boot.test.autoconfigure.web.servlet.WebDriverContextCustomizer@268f106e, org.springframework.test.context.support.DynamicPropertiesContextCustomizer@0, org.springframework.boot.test.context.SpringBootTestAnnotation@9f0191c7], resourceBasePath = "src/main/webapp", contextLoader = org.springframework.boot.test.context.SpringBootContextLoader, parent = null], attributes = {"org.springframework.test.context.web.ServletTestExecutionListener.activateListener" -> true, "org.springframework.test.context.web.ServletTestExecutionListener.populatedRequestContextHolder" -> true, "org.springframework.test.context.web.ServletTestExecutionListener.resetRequestContextHolder" -> true, "org.springframework.test.context.event.ApplicationEventsTestExecutionListener.recordApplicationEvents" -> false}], class annotated with @DirtiesContext [false] with mode [null], method annotated with @DirtiesContext [false] with mode [null]
2025-07-30T17:03:41.026+05:30 TRACE 16196 --- [Spring_Boot_Start] [           main] o.s.t.c.w.ServletTestExecutionListener   : Resetting RequestContextHolder for test context [DefaultTestContext@29ebbdf4 testClass = com.Spring_Boot_Start.Spring_Boot_Start.SpringBootStartApplicationTests, testInstance = com.Spring_Boot_Start.Spring_Boot_Start.SpringBootStartApplicationTests@2fd954f, testMethod = contextLoads(), testException = null, mergedContextConfiguration = [WebMergedContextConfiguration@62b93086 testClass = com.Spring_Boot_Start.Spring_Boot_Start.SpringBootStartApplicationTests, locations = [], classes = [com.Spring_Boot_Start.Spring_Boot_Start.SpringBootStartApplication], contextInitializerClasses = [], activeProfiles = [], propertySourceDescriptors = [], propertySourceProperties = ["org.springframework.boot.test.context.SpringBootTestContextBootstrapper=true"], contextCustomizers = [org.springframework.boot.test.context.filter.ExcludeFilterContextCustomizer@4b741d6d, org.springframework.boot.test.json.DuplicateJsonObjectContextCustomizerFactory$DuplicateJsonObjectContextCustomizer@7674f035, org.springframework.boot.test.mock.mockito.MockitoContextCustomizer@0, org.springframework.boot.test.web.client.TestRestTemplateContextCustomizer@1cf6d1be, org.springframework.boot.test.web.reactor.netty.DisableReactorResourceFactoryGlobalResourcesContextCustomizerFactory$DisableReactorResourceFactoryGlobalResourcesContextCustomizerCustomizer@4c60d6e9, org.springframework.boot.test.autoconfigure.OnFailureConditionReportContextCustomizerFactory$OnFailureConditionReportContextCustomizer@1349883, org.springframework.boot.test.autoconfigure.actuate.observability.ObservabilityContextCustomizerFactory$DisableObservabilityContextCustomizer@1f, org.springframework.boot.test.autoconfigure.properties.PropertyMappingContextCustomizer@0, org.springframework.boot.test.autoconfigure.web.servlet.WebDriverContextCustomizer@268f106e, org.springframework.test.context.support.DynamicPropertiesContextCustomizer@0, org.springframework.boot.test.context.SpringBootTestAnnotation@9f0191c7], resourceBasePath = "src/main/webapp", contextLoader = org.springframework.boot.test.context.SpringBootContextLoader, parent = null], attributes = {"org.springframework.test.context.web.ServletTestExecutionListener.activateListener" -> true, "org.springframework.test.context.web.ServletTestExecutionListener.populatedRequestContextHolder" -> true, "org.springframework.test.context.web.ServletTestExecutionListener.resetRequestContextHolder" -> true, "org.springframework.test.context.event.ApplicationEventsTestExecutionListener.recordApplicationEvents" -> false}]
]]></system-out>
    <system-err><![CDATA[Mockito is currently self-attaching to enable the inline-mock-maker. This will no longer work in future releases of the JDK. Please add Mockito as an agent to your build as described in Mockito's documentation: https://javadoc.io/doc/org.mockito/mockito-core/latest/org.mockito/org/mockito/Mockito.html#0.3
WARNING: A Java agent has been loaded dynamically (C:\Users\Rutik Darekar\.m2\repository\net\bytebuddy\byte-buddy-agent\1.17.6\byte-buddy-agent-1.17.6.jar)
WARNING: If a serviceability tool is in use, please run with -XX:+EnableDynamicAgentLoading to hide this warning
WARNING: If a serviceability tool is not in use, please run with -Djdk.instrument.traceUsage for more information
WARNING: Dynamic loading of agents will be disallowed by default in a future release
]]></system-err>
  </testcase>
</testsuite>